GET
http://localhost:4200/@vite/client
[HTTP/1.1 304 Not Modified 1ms]

GET
http://localhost:4200/styles.css
[HTTP/1.1 304 Not Modified 1ms]

GET
http://localhost:4200/main.js
[HTTP/1.1 304 Not Modified 0ms]

GET
http://localhost:4200/polyfills.js
[HTTP/1.1 304 Not Modified 0ms]

GET
http://localhost:4200/@fs/C:/src/repos/HTML dev/q-sys-angular-components/.angular/cache/20.3.13/q-sys-angular-components/vite/deps/zone__js.js?v=36af2b62
[HTTP/1.1 200 OK 0ms]

GET
http://localhost:4200/@fs/C:/src/repos/HTML dev/q-sys-angular-components/node_modules/vite/dist/client/env.mjs
[HTTP/1.1 304 Not Modified 1ms]

GET
http://localhost:4200/@fs/C:/src/repos/HTML dev/q-sys-angular-components/.angular/cache/20.3.13/q-sys-angular-components/vite/deps/@angular_platform-browser.js?v=36af2b62
[HTTP/1.1 200 OK 0ms]

GET
http://localhost:4200/@fs/C:/src/repos/HTML dev/q-sys-angular-components/.angular/cache/20.3.13/q-sys-angular-components/vite/deps/@angular_core.js?v=36af2b62
[HTTP/1.1 200 OK 0ms]

GET
http://localhost:4200/@fs/C:/src/repos/HTML dev/q-sys-angular-components/.angular/cache/20.3.13/q-sys-angular-components/vite/deps/@angular_router.js?v=36af2b62
[HTTP/1.1 200 OK 0ms]

GET
http://localhost:4200/@fs/C:/src/repos/HTML dev/q-sys-angular-components/.angular/cache/20.3.13/q-sys-angular-components/vite/deps/rxjs.js?v=36af2b62
[HTTP/1.1 200 OK 0ms]

GET
http://localhost:4200/@fs/C:/src/repos/HTML dev/q-sys-angular-components/.angular/cache/20.3.13/q-sys-angular-components/vite/deps/@angular_common.js?v=36af2b62
[HTTP/1.1 200 OK 0ms]

GET
http://localhost:4200/@fs/C:/src/repos/HTML dev/q-sys-angular-components/.angular/cache/20.3.13/q-sys-angular-components/vite/deps/chunk-WDMUDEB6.js?v=e43a6769
[HTTP/1.1 200 OK 0ms]

GET
http://localhost:4200/@fs/C:/src/repos/HTML dev/q-sys-angular-components/.angular/cache/20.3.13/q-sys-angular-components/vite/deps/chunk-7MLG37IQ.js?v=e43a6769
[HTTP/1.1 200 OK 0ms]

GET
http://localhost:4200/@fs/C:/src/repos/HTML dev/q-sys-angular-components/.angular/cache/20.3.13/q-sys-angular-components/vite/deps/chunk-DYN7Y343.js?v=e43a6769
[HTTP/1.1 200 OK 0ms]

[vite] connecting... client:733:9
GET
http://localhost:4200/@fs/C:/src/repos/HTML dev/q-sys-angular-components/.angular/cache/20.3.13/q-sys-angular-components/vite/deps/chunk-NKWTGXST.js?v=e43a6769
[HTTP/1.1 200 OK 0ms]

GET
http://localhost:4200/@fs/C:/src/repos/HTML dev/q-sys-angular-components/.angular/cache/20.3.13/q-sys-angular-components/vite/deps/chunk-RSS3ODKE.js?v=e43a6769
[HTTP/1.1 200 OK 0ms]

GET
ws://localhost:4200/?token=0T2ZbVdMJhY1
[HTTP/1.1 101 Switching Protocols 3ms]

Angular is running in development mode. chunk-NKWTGXST.js:14746:13
[vite] connected. client:827:12
GET
http://localhost:4200/@ng/component?c=src/app/app.ts@App&t=1765769638705
[HTTP/1.1 200 OK 2ms]

GET
http://localhost:4200/@ng/component?c=src/app/components/qsys-example/qsys-example.ts@QsysExample&t=1765769638704
[HTTP/1.1 200 OK 1ms]

GET
wss://192.168.104.227/qrc-public-api/v0
[HTTP/1.1 101 Switching Protocols 1357ms]

GET
http://localhost:4200/favicon.ico
[HTTP/1.1 200 OK 0ms]

Connected to Q-SYS Core main.js:223:17
Sending message to Q-SYS: 
Object { jsonrpc: "2.0", method: "ChangeGroup.AddControl", params: {…}, id: 1 }
main.js:411:15
Sending message to Q-SYS: 
Object { jsonrpc: "2.0", method: "ChangeGroup.AddControl", params: {…}, id: 2 }
main.js:411:15
Sending message to Q-SYS: 
Object { jsonrpc: "2.0", method: "ChangeGroup.AddControl", params: {…}, id: 3 }
main.js:411:15
Sending message to Q-SYS: 
Object { jsonrpc: "2.0", method: "ChangeGroup.AddControl", params: {…}, id: 4 }
main.js:411:15
Sending message to Q-SYS: 
Object { jsonrpc: "2.0", method: "ChangeGroup.Create", params: {…}, id: 5 }
main.js:411:15
Received message from Q-SYS: 
Object { jsonrpc: "2.0", method: "EngineStatus", params: {…} }
main.js:363:15
Sending message to Q-SYS: 
Object { jsonrpc: "2.0", method: "ChangeGroup.Poll", params: {…}, id: 6 }
main.js:411:15
Received message from Q-SYS: 
Object { jsonrpc: "2.0", method: "EngineStatus", params: {…} }
main.js:363:15
Sending message to Q-SYS: 
Object { jsonrpc: "2.0", method: "ChangeGroup.Poll", params: {…}, id: 7 }
main.js:411:15
Received message from Q-SYS: 
Object { jsonrpc: "2.0", method: "EngineStatus", params: {…} }
main.js:363:15
Sending message to Q-SYS: 
Object { jsonrpc: "2.0", method: "ChangeGroup.Poll", params: {…}, id: 8 }
main.js:411:15
Sending message to Q-SYS: 
Object { jsonrpc: "2.0", method: "ChangeGroup.Poll", params: {…}, id: 9 }
main.js:411:15
Received message from Q-SYS: 
Object { jsonrpc: "2.0", method: "EngineStatus", params: {…} }
main.js:363:15
Sending message to Q-SYS: 
Object { jsonrpc: "2.0", method: "ChangeGroup.Poll", params: {…}, id: 10 }
main.js:411:15
Sending message to Q-SYS: 
Object { jsonrpc: "2.0", method: "ChangeGroup.Poll", params: {…}, id: 11 }
main.js:411:15
Sending message to Q-SYS: 
Object { jsonrpc: "2.0", method: "ChangeGroup.Poll", params: {…}, id: 12 }
main.js:411:15
Sending message to Q-SYS: 
Object { jsonrpc: "2.0", method: "ChangeGroup.Poll", params: {…}, id: 13 }
main.js:411:15
Sending message to Q-SYS: 
Object { jsonrpc: "2.0", method: "ChangeGroup.Poll", params: {…}, id: 14 }
main.js:411:15
Sending message to Q-SYS: 
Object { jsonrpc: "2.0", method: "ChangeGroup.Poll", params: {…}, id: 15 }
main.js:411:15
Sending message to Q-SYS: 
Object { jsonrpc: "2.0", method: "ChangeGroup.Poll", params: {…}, id: 16 }
main.js:411:15
Sending message to Q-SYS: 
Object { jsonrpc: "2.0", method: "ChangeGroup.Poll", params: {…}, id: 17 }
main.js:411:15
Received message from Q-SYS: 
Object { jsonrpc: "2.0", id: 1, error: {…} }
main.js:363:15
Received message from Q-SYS: 
Object { jsonrpc: "2.0", id: 2, error: {…} }
main.js:363:15
Received message from Q-SYS: 
Object { jsonrpc: "2.0", id: 3, error: {…} }
main.js:363:15
Received message from Q-SYS: 
Object { jsonrpc: "2.0", id: 4, error: {…} }
main.js:363:15
Received message from Q-SYS: 
Object { jsonrpc: "2.0", id: 5, error: {…} }
main.js:363:15
Sending message to Q-SYS: 
Object { jsonrpc: "2.0", method: "ChangeGroup.Poll", params: {…}, id: 18 }
main.js:411:15
Received message from Q-SYS: 
Object { jsonrpc: "2.0", result: {…}, id: 6 }
main.js:363:15
Sending message to Q-SYS: 
Object { jsonrpc: "2.0", method: "ChangeGroup.Poll", params: {…}, id: 19 }
main.js:411:15
Received message from Q-SYS: 
Object { jsonrpc: "2.0", result: {…}, id: 7 }
main.js:363:15
Sending message to Q-SYS: 
Object { jsonrpc: "2.0", method: "ChangeGroup.Poll", params: {…}, id: 20 }
main.js:411:15
Received message from Q-SYS: 
Object { jsonrpc: "2.0", result: {…}, id: 8 }
main.js:363:15
Sending message to Q-SYS: 
Object { jsonrpc: "2.0", method: "ChangeGroup.Poll", params: {…}, id: 21 }
main.js:411:15
Received message from Q-SYS: 
Object { jsonrpc: "2.0", result: {…}, id: 9 }
main.js:363:15
Sending message to Q-SYS: 
Object { jsonrpc: "2.0", method: "ChangeGroup.Poll", params: {…}, id: 22 }
main.js:411:15
Received message from Q-SYS: 
Object { jsonrpc: "2.0", result: {…}, id: 10 }
main.js:363:15
Sending message to Q-SYS: 
Object { jsonrpc: "2.0", method: "ChangeGroup.Poll", params: {…}, id: 23 }
main.js:411:15
Received message from Q-SYS: 
Object { jsonrpc: "2.0", result: {…}, id: 11 }
main.js:363:15
Sending message to Q-SYS: 
Object { jsonrpc: "2.0", method: "ChangeGroup.Poll", params: {…}, id: 24 }
main.js:411:15
Received message from Q-SYS: 
Object { jsonrpc: "2.0", result: {…}, id: 12 }
main.js:363:15
Sending message to Q-SYS: 
Object { jsonrpc: "2.0", method: "ChangeGroup.Poll", params: {…}, id: 25 }
main.js:411:15
Received message from Q-SYS: 
Object { jsonrpc: "2.0", result: {…}, id: 13 }
main.js:363:15
Sending message to Q-SYS: 
Object { jsonrpc: "2.0", method: "ChangeGroup.Poll", params: {…}, id: 26 }
main.js:411:15
Received message from Q-SYS: 
Object { jsonrpc: "2.0", result: {…}, id: 14 }
main.js:363:15
Sending message to Q-SYS: 
Object { jsonrpc: "2.0", method: "ChangeGroup.Poll", params: {…}, id: 27 }
main.js:411:15
Received message from Q-SYS: 
Object { jsonrpc: "2.0", result: {…}, id: 15 }
main.js:363:15
Sending message to Q-SYS: 
Object { jsonrpc: "2.0", method: "ChangeGroup.Poll", params: {…}, id: 28 }
main.js:411:15
Sending message to Q-SYS: 
Object { jsonrpc: "2.0", method: "ChangeGroup.Poll", params: {…}, id: 29 }
main.js:411:15
Received message from Q-SYS: 
Object { jsonrpc: "2.0", result: {…}, id: 16 }
main.js:363:15
Received message from Q-SYS: 
Object { jsonrpc: "2.0", result: {…}, id: 17 }
main.js:363:15
Sending message to Q-SYS: 
Object { jsonrpc: "2.0", method: "ChangeGroup.Poll", params: {…}, id: 30 }
main.js:411:15
Received message from Q-SYS: 
Object { jsonrpc: "2.0", result: {…}, id: 18 }
main.js:363:15
Received message from Q-SYS: 
Object { jsonrpc: "2.0", result: {…}, id: 19 }
main.js:363:15
Sending message to Q-SYS: 
Object { jsonrpc: "2.0", method: "ChangeGroup.Poll", params: {…}, id: 31 }
main.js:411:15
Received message from Q-SYS: 
Object { jsonrpc: "2.0", method: "EngineStatus", params: {…} }
main.js:363:15
Sending message to Q-SYS: 
Object { jsonrpc: "2.0", method: "ChangeGroup.Poll", params: {…}, id: 32 }
main.js:411:15
Sending message to Q-SYS: 
Object { jsonrpc: "2.0", method: "ChangeGroup.Poll", params: {…}, id: 33 }
main.js:411:15
Received message from Q-SYS: 
Object { jsonrpc: "2.0", result: {…}, id: 20 }
main.js:363:15
Received message from Q-SYS: 
Object { jsonrpc: "2.0", result: {…}, id: 21 }
main.js:363:15
Sending message to Q-SYS: 
Object { jsonrpc: "2.0", method: "ChangeGroup.Poll", params: {…}, id: 34 }
main.js:411:15
Received message from Q-SYS: 
Object { jsonrpc: "2.0", method: "EngineStatus", params: {…} }
main.js:363:15
Sending message to Q-SYS: 
Object { jsonrpc: "2.0", method: "ChangeGroup.Poll", params: {…}, id: 35 }
main.js:411:15
Received message from Q-SYS: 
Object { jsonrpc: "2.0", result: {…}, id: 22 }
main.js:363:15
Sending message to Q-SYS: 
Object { jsonrpc: "2.0", method: "ChangeGroup.Poll", params: {…}, id: 36 }
main.js:411:15
Received message from Q-SYS: 
Object { jsonrpc: "2.0", method: "EngineStatus", params: {…} }
main.js:363:15
Received message from Q-SYS: 
Object { jsonrpc: "2.0", result: {…}, id: 23 }
main.js:363:15
Received message from Q-SYS: 
Object { jsonrpc: "2.0", result: {…}, id: 24 }
main.js:363:15
Sending message to Q-SYS: 
Object { jsonrpc: "2.0", method: "ChangeGroup.Poll", params: {…}, id: 37 }
main.js:411:15
Received message from Q-SYS: 
Object { jsonrpc: "2.0", result: {…}, id: 25 }
main.js:363:15
Sending message to Q-SYS: 
Object { jsonrpc: "2.0", method: "ChangeGroup.Poll", params: {…}, id: 38 }
main.js:411:15
Received message from Q-SYS: 
Object { jsonrpc: "2.0", result: {…}, id: 26 }
main.js:363:15
Sending message to Q-SYS: 
Object { jsonrpc: "2.0", method: "ChangeGroup.Poll", params: {…}, id: 39 }
main.js:411:15
Received message from Q-SYS: 
Object { jsonrpc: "2.0", result: {…}, id: 27 }
main.js:363:15
Sending message to Q-SYS: 
Object { jsonrpc: "2.0", method: "ChangeGroup.Poll", params: {…}, id: 40 }
main.js:411:15
Received message from Q-SYS: 
Object { jsonrpc: "2.0", result: {…}, id: 28 }
main.js:363:15
Sending message to Q-SYS: 
Object { jsonrpc: "2.0", method: "ChangeGroup.Poll", params: {…}, id: 41 }
main.js:411:15
Sending message to Q-SYS: 
Object { jsonrpc: "2.0", method: "ChangeGroup.Poll", params: {…}, id: 42 }
main.js:411:15
Received message from Q-SYS: 
Object { jsonrpc: "2.0", result: {…}, id: 29 }
main.js:363:15
Received message from Q-SYS: 
Object { jsonrpc: "2.0", result: {…}, id: 30 }
main.js:363:15
Sending message to Q-SYS: 
Object { jsonrpc: "2.0", method: "ChangeGroup.Poll", params: {…}, id: 43 }
main.js:411:15
Sending message to Q-SYS: 
Object { jsonrpc: "2.0", method: "ChangeGroup.Poll", params: {…}, id: 44 }
main.js:411:15
Received message from Q-SYS: 
Object { jsonrpc: "2.0", result: {…}, id: 31 }
main.js:363:15
Received message from Q-SYS: 
Object { jsonrpc: "2.0", result: {…}, id: 32 }
main.js:363:15
Sending message to Q-SYS: 
Object { jsonrpc: "2.0", method: "ChangeGroup.Poll", params: {…}, id: 45 }
main.js:411:15
Received message from Q-SYS: 
Object { jsonrpc: "2.0", result: {…}, id: 33 }
main.js:363:15
Sending message to Q-SYS: 
Object { jsonrpc: "2.0", method: "ChangeGroup.Poll", params: {…}, id: 46 }
main.js:411:15
Received message from Q-SYS: 
Object { jsonrpc: "2.0", result: {…}, id: 34 }
main.js:363:15
Sending message to Q-SYS: 
Object { jsonrpc: "2.0", method: "ChangeGroup.Poll", params: {…}, id: 47 }
main.js:411:15
Received message from Q-SYS: 
Object { jsonrpc: "2.0", result: {…}, id: 35 }
main.js:363:15
Sending message to Q-SYS: 
Object { jsonrpc: "2.0", method: "Control.Set", params: {…}, id: 48 }
main.js:411:15
Sending message to Q-SYS: 
Object { jsonrpc: "2.0", method: "ChangeGroup.Poll", params: {…}, id: 49 }
main.js:411:15
Received message from Q-SYS: 
Object { jsonrpc: "2.0", result: {…}, id: 36 }
main.js:363:15
Sending message to Q-SYS: 
Object { jsonrpc: "2.0", method: "ChangeGroup.Poll", params: {…}, id: 50 }
main.js:411:15
Sending message to Q-SYS: 
Object { jsonrpc: "2.0", method: "ChangeGroup.Poll", params: {…}, id: 51 }
main.js:411:15
Received message from Q-SYS: 
Object { jsonrpc: "2.0", result: {…}, id: 37 }
main.js:363:15
Sending message to Q-SYS: 
Object { jsonrpc: "2.0", method: "ChangeGroup.Poll", params: {…}, id: 52 }
main.js:411:15
Received message from Q-SYS: 
Object { jsonrpc: "2.0", result: {…}, id: 38 }
main.js:363:15
Received message from Q-SYS: 
Object { jsonrpc: "2.0", result: {…}, id: 39 }
main.js:363:15
Sending message to Q-SYS: 
Object { jsonrpc: "2.0", method: "ChangeGroup.Poll", params: {…}, id: 53 }
main.js:411:15
Received message from Q-SYS: 
Object { jsonrpc: "2.0", result: {…}, id: 40 }
main.js:363:15
Sending message to Q-SYS: 
Object { jsonrpc: "2.0", method: "ChangeGroup.Poll", params: {…}, id: 54 }
main.js:411:15
Sending message to Q-SYS: 
Object { jsonrpc: "2.0", method: "ChangeGroup.Poll", params: {…}, id: 55 }
main.js:411:15
Received message from Q-SYS: 
Object { jsonrpc: "2.0", result: {…}, id: 41 }
main.js:363:15
Received message from Q-SYS: 
Object { jsonrpc: "2.0", result: {…}, id: 42 }
main.js:363:15
Sending message to Q-SYS: 
Object { jsonrpc: "2.0", method: "ChangeGroup.Poll", params: {…}, id: 56 }
main.js:411:15
Received message from Q-SYS: 
Object { jsonrpc: "2.0", result: {…}, id: 43 }
main.js:363:15
Sending message to Q-SYS: 
Object { jsonrpc: "2.0", method: "ChangeGroup.Poll", params: {…}, id: 57 }
main.js:411:15
Received message from Q-SYS: 
Object { jsonrpc: "2.0", result: {…}, id: 44 }
main.js:363:15
Sending message to Q-SYS: 
Object { jsonrpc: "2.0", method: "ChangeGroup.Poll", params: {…}, id: 58 }
main.js:411:15
Sending message to Q-SYS: 
Object { jsonrpc: "2.0", method: "ChangeGroup.Poll", params: {…}, id: 59 }
main.js:411:15
Received message from Q-SYS: 
Object { jsonrpc: "2.0", result: {…}, id: 45 }
main.js:363:15
Received message from Q-SYS: 
Object { jsonrpc: "2.0", result: {…}, id: 46 }
main.js:363:15
Sending message to Q-SYS: 
Object { jsonrpc: "2.0", method: "ChangeGroup.Poll", params: {…}, id: 60 }
main.js:411:15
Received message from Q-SYS: 
Object { jsonrpc: "2.0", method: "EngineStatus", params: {…} }
main.js:363:15
Received message from Q-SYS: 
Object { jsonrpc: "2.0", result: {…}, id: 47 }
main.js:363:15
Sending message to Q-SYS: 
Object { jsonrpc: "2.0", method: "ChangeGroup.Poll", params: {…}, id: 61 }
main.js:411:15
Received message from Q-SYS: 
Object { jsonrpc: "2.0", id: 48, error: {…} }
main.js:363:15
Received message from Q-SYS: 
Object { jsonrpc: "2.0", result: {…}, id: 49 }
main.js:363:15
Sending message to Q-SYS: 
Object { jsonrpc: "2.0", method: "ChangeGroup.Poll", params: {…}, id: 62 }
main.js:411:15
Received message from Q-SYS: 
Object { jsonrpc: "2.0", result: {…}, id: 50 }
main.js:363:15
Sending message to Q-SYS: 
Object { jsonrpc: "2.0", method: "ChangeGroup.Poll", params: {…}, id: 63 }
main.js:411:15
Received message from Q-SYS: 
Object { jsonrpc: "2.0", method: "EngineStatus", params: {…} }
main.js:363:15
Sending message to Q-SYS: 
Object { jsonrpc: "2.0", method: "ChangeGroup.Poll", params: {…}, id: 64 }
main.js:411:15
Received message from Q-SYS: 
Object { jsonrpc: "2.0", result: {…}, id: 51 }
main.js:363:15
Received message from Q-SYS: 
Object { jsonrpc: "2.0", result: {…}, id: 52 }
main.js:363:15
Sending message to Q-SYS: 
Object { jsonrpc: "2.0", method: "ChangeGroup.Poll", params: {…}, id: 65 }
main.js:411:15
Received message from Q-SYS: 
Object { jsonrpc: "2.0", method: "EngineStatus", params: {…} }
main.js:363:15
Received message from Q-SYS: 
Object { jsonrpc: "2.0", result: {…}, id: 53 }
main.js:363:15
Sending message to Q-SYS: 
Object { jsonrpc: "2.0", method: "ChangeGroup.Poll", params: {…}, id: 66 }
main.js:411:15
Received message from Q-SYS: 
Object { jsonrpc: "2.0", method: "EngineStatus", params: {…} }
main.js:363:15
Sending message to Q-SYS: 
Object { jsonrpc: "2.0", method: "ChangeGroup.Poll", params: {…}, id: 67 }
main.js:411:15
Received message from Q-SYS: 
Object { jsonrpc: "2.0", result: {…}, id: 54 }
main.js:363:15
Sending message to Q-SYS: 
Object { jsonrpc: "2.0", method: "ChangeGroup.Poll", params: {…}, id: 68 }
main.js:411:15
Received message from Q-SYS: 
Object { jsonrpc: "2.0", result: {…}, id: 55 }
main.js:363:15
Sending message to Q-SYS: 
Object { jsonrpc: "2.0", method: "ChangeGroup.Poll", params: {…}, id: 69 }
main.js:411:15
Received message from Q-SYS: 
Object { jsonrpc: "2.0", result: {…}, id: 56 }
main.js:363:15
Received message from Q-SYS: 
Object { jsonrpc: "2.0", result: {…}, id: 57 }
main.js:363:15
Sending message to Q-SYS: 
Object { jsonrpc: "2.0", method: "ChangeGroup.Poll", params: {…}, id: 70 }
main.js:411:15
Received message from Q-SYS: 
Object { jsonrpc: "2.0", result: {…}, id: 58 }
main.js:363:15
Sending message to Q-SYS: 
Object { jsonrpc: "2.0", method: "ChangeGroup.Poll", params: {…}, id: 71 }
main.js:411:15
Received message from Q-SYS: 
Object { jsonrpc: "2.0", result: {…}, id: 59 }
main.js:363:15
Sending message to Q-SYS: 
Object { jsonrpc: "2.0", method: "ChangeGroup.Poll", params: {…}, id: 72 }
main.js:411:15
Received message from Q-SYS: 
Object { jsonrpc: "2.0", result: {…}, id: 60 }
main.js:363:15
Sending message to Q-SYS: 
Object { jsonrpc: "2.0", method: "ChangeGroup.Poll", params: {…}, id: 73 }
main.js:411:15
Received message from Q-SYS: 
Object { jsonrpc: "2.0", result: {…}, id: 61 }
main.js:363:15
Sending message to Q-SYS: 
Object { jsonrpc: "2.0", method: "ChangeGroup.Poll", params: {…}, id: 74 }
main.js:411:15
Received message from Q-SYS: 
Object { jsonrpc: "2.0", result: {…}, id: 62 }
main.js:363:15
Sending message to Q-SYS: 
Object { jsonrpc: "2.0", method: "ChangeGroup.Poll", params: {…}, id: 75 }
main.js:411:15
Received message from Q-SYS: 
Object { jsonrpc: "2.0", result: {…}, id: 63 }
main.js:363:15
Sending message to Q-SYS: 
Object { jsonrpc: "2.0", method: "ChangeGroup.Poll", params: {…}, id: 76 }
main.js:411:15
Received message from Q-SYS: 
Object { jsonrpc: "2.0", result: {…}, id: 64 }
main.js:363:15
Sending message to Q-SYS: 
Object { jsonrpc: "2.0", method: "ChangeGroup.Poll", params: {…}, id: 77 }
main.js:411:15
Received message from Q-SYS: 
Object { jsonrpc: "2.0", result: {…}, id: 65 }
main.js:363:15
Sending message to Q-SYS: 
Object { jsonrpc: "2.0", method: "ChangeGroup.Poll", params: {…}, id: 78 }
main.js:411:15
Sending message to Q-SYS: 
Object { jsonrpc: "2.0", method: "ChangeGroup.Poll", params: {…}, id: 79 }
main.js:411:15
Received message from Q-SYS: 
Object { jsonrpc: "2.0", result: {…}, id: 66 }
main.js:363:15
Received message from Q-SYS: 
Object { jsonrpc: "2.0", result: {…}, id: 67 }
main.js:363:15
Sending message to Q-SYS: 
Object { jsonrpc: "2.0", method: "ChangeGroup.Poll", params: {…}, id: 80 }
main.js:411:15
Received message from Q-SYS: 
Object { jsonrpc: "2.0", result: {…}, id: 68 }
main.js:363:15
Sending message to Q-SYS: 
Object { jsonrpc: "2.0", method: "ChangeGroup.Poll", params: {…}, id: 81 }
main.js:411:15
Sending message to Q-SYS: 
Object { jsonrpc: "2.0", method: "ChangeGroup.Poll", params: {…}, id: 82 }
main.js:411:15
Received message from Q-SYS: 
Object { jsonrpc: "2.0", result: {…}, id: 69 }
main.js:363:15
Received message from Q-SYS: 
Object { jsonrpc: "2.0", result: {…}, id: 70 }
main.js:363:15
Sending message to Q-SYS: 
Object { jsonrpc: "2.0", method: "ChangeGroup.Poll", params: {…}, id: 83 }
main.js:411:15
Received message from Q-SYS: 
Object { jsonrpc: "2.0", result: {…}, id: 71 }
main.js:363:15
Sending message to Q-SYS: 
Object { jsonrpc: "2.0", method: "ChangeGroup.Poll", params: {…}, id: 84 }
main.js:411:15
Received message from Q-SYS: 
Object { jsonrpc: "2.0", result: {…}, id: 72 }
main.js:363:15
Sending message to Q-SYS: 
Object { jsonrpc: "2.0", method: "ChangeGroup.Poll", params: {…}, id: 85 }
main.js:411:15
Received message from Q-SYS: 
Object { jsonrpc: "2.0", result: {…}, id: 73 }
main.js:363:15
Sending message to Q-SYS: 
Object { jsonrpc: "2.0", method: "ChangeGroup.Poll", params: {…}, id: 86 }
main.js:411:15
Received message from Q-SYS: 
Object { jsonrpc: "2.0", result: {…}, id: 74 }
main.js:363:15
Sending message to Q-SYS: 
Object { jsonrpc: "2.0", method: "ChangeGroup.Poll", params: {…}, id: 87 }
main.js:411:15
Sending message to Q-SYS: 
Object { jsonrpc: "2.0", method: "ChangeGroup.Poll", params: {…}, id: 88 }
main.js:411:15
Received message from Q-SYS: 
Object { jsonrpc: "2.0", result: {…}, id: 75 }
main.js:363:15
Received message from Q-SYS: 
Object { jsonrpc: "2.0", method: "EngineStatus", params: {…} }
main.js:363:15
Sending message to Q-SYS: 
Object { jsonrpc: "2.0", method: "ChangeGroup.Poll", params: {…}, id: 89 }
main.js:411:15
Received message from Q-SYS: 
Object { jsonrpc: "2.0", result: {…}, id: 76 }
main.js:363:15
Received message from Q-SYS: 
Object { jsonrpc: "2.0", result: {…}, id: 77 }
main.js:363:15
Sending message to Q-SYS: 
Object { jsonrpc: "2.0", method: "ChangeGroup.Poll", params: {…}, id: 90 }
main.js:411:15
Received message from Q-SYS: 
Object { jsonrpc: "2.0", method: "EngineStatus", params: {…} }
main.js:363:15
Sending message to Q-SYS: 
Object { jsonrpc: "2.0", method: "ChangeGroup.Poll", params: {…}, id: 91 }
main.js:411:15
Received message from Q-SYS: 
Object { jsonrpc: "2.0", result: {…}, id: 78 }
main.js:363:15
Received message from Q-SYS: 
Object { jsonrpc: "2.0", method: "EngineStatus", params: {…} }
main.js:363:15
Received message from Q-SYS: 
Object { jsonrpc: "2.0", result: {…}, id: 79 }
main.js:363:15
Sending message to Q-SYS: 
Object { jsonrpc: "2.0", method: "ChangeGroup.Poll", params: {…}, id: 92 }
main.js:411:15
Received message from Q-SYS: 
Object { jsonrpc: "2.0", method: "EngineStatus", params: {…} }
main.js:363:15
Sending message to Q-SYS: 
Object { jsonrpc: "2.0", method: "ChangeGroup.Poll", params: {…}, id: 93 }
main.js:411:15
Received message from Q-SYS: 
Object { jsonrpc: "2.0", result: {…}, id: 80 }
main.js:363:15
Sending message to Q-SYS: 
Object { jsonrpc: "2.0", method: "ChangeGroup.Poll", params: {…}, id: 94 }
main.js:411:15
Received message from Q-SYS: 
Object { jsonrpc: "2.0", result: {…}, id: 81 }
main.js:363:15
Received message from Q-SYS: 
Object { jsonrpc: "2.0", result: {…}, id: 82 }
main.js:363:15
Sending message to Q-SYS: 
Object { jsonrpc: "2.0", method: "ChangeGroup.Poll", params: {…}, id: 95 }
main.js:411:15
Sending message to Q-SYS: 
Object { jsonrpc: "2.0", method: "ChangeGroup.Poll", params: {…}, id: 96 }
main.js:411:15
Received message from Q-SYS: 
Object { jsonrpc: "2.0", result: {…}, id: 83 }
main.js:363:15
Received message from Q-SYS: 
Object { jsonrpc: "2.0", result: {…}, id: 84 }
main.js:363:15
Sending message to Q-SYS: 
Object { jsonrpc: "2.0", method: "ChangeGroup.Poll", params: {…}, id: 97 }
main.js:411:15
Received message from Q-SYS: 
Object { jsonrpc: "2.0", result: {…}, id: 85 }
main.js:363:15
Sending message to Q-SYS: 
Object { jsonrpc: "2.0", method: "ChangeGroup.Poll", params: {…}, id: 98 }
main.js:411:15
Sending message to Q-SYS: 
Object { jsonrpc: "2.0", method: "ChangeGroup.Poll", params: {…}, id: 99 }
main.js:411:15
Received message from Q-SYS: 
Object { jsonrpc: "2.0", result: {…}, id: 86 }
main.js:363:15
Received message from Q-SYS: 
Object { jsonrpc: "2.0", result: {…}, id: 87 }
main.js:363:15
Sending message to Q-SYS: 
Object { jsonrpc: "2.0", method: "ChangeGroup.Poll", params: {…}, id: 100 }
main.js:411:15
Received message from Q-SYS: 
Object { jsonrpc: "2.0", result: {…}, id: 88 }
main.js:363:15
Sending message to Q-SYS: 
Object { jsonrpc: "2.0", method: "ChangeGroup.Poll", params: {…}, id: 101 }
main.js:411:15
Received message from Q-SYS: 
Object { jsonrpc: "2.0", result: {…}, id: 89 }
main.js:363:15
Sending message to Q-SYS: 
Object { jsonrpc: "2.0", method: "ChangeGroup.Poll", params: {…}, id: 102 }
main.js:411:15
Received message from Q-SYS: 
Object { jsonrpc: "2.0", result: {…}, id: 90 }
main.js:363:15
Sending message to Q-SYS: 
Object { jsonrpc: "2.0", method: "Control.Set", params: {…}, id: 103 }
main.js:411:15
Sending message to Q-SYS: 
Object { jsonrpc: "2.0", method: "ChangeGroup.Poll", params: {…}, id: 104 }
main.js:411:15
Received message from Q-SYS: 
Object { jsonrpc: "2.0", result: {…}, id: 91 }
main.js:363:15
Sending message to Q-SYS: 
Object { jsonrpc: "2.0", method: "ChangeGroup.Poll", params: {…}, id: 105 }
main.js:411:15
Received message from Q-SYS: 
Object { jsonrpc: "2.0", result: {…}, id: 92 }
main.js:363:15
Sending message to Q-SYS: 
Object { jsonrpc: "2.0", method: "ChangeGroup.Poll", params: {…}, id: 106 }
main.js:411:15
Sending message to Q-SYS: 
Object { jsonrpc: "2.0", method: "ChangeGroup.Poll", params: {…}, id: 107 }
main.js:411:15
Received message from Q-SYS: 
Object { jsonrpc: "2.0", result: {…}, id: 93 }
main.js:363:15
Received message from Q-SYS: 
Object { jsonrpc: "2.0", result: {…}, id: 94 }
main.js:363:15
Sending message to Q-SYS: 
Object { jsonrpc: "2.0", method: "ChangeGroup.Poll", params: {…}, id: 108 }
main.js:411:15
Received message from Q-SYS: 
Object { jsonrpc: "2.0", result: {…}, id: 95 }
main.js:363:15
Sending message to Q-SYS: 
Object { jsonrpc: "2.0", method: "ChangeGroup.Poll", params: {…}, id: 109 }
main.js:411:15
Received message from Q-SYS: 
Object { jsonrpc: "2.0", result: {…}, id: 96 }
main.js:363:15
Received message from Q-SYS: 
Object { jsonrpc: "2.0", result: {…}, id: 97 }
main.js:363:15
Sending message to Q-SYS: 
Object { jsonrpc: "2.0", method: "ChangeGroup.Poll", params: {…}, id: 110 }
main.js:411:15
Sending message to Q-SYS: 
Object { jsonrpc: "2.0", method: "ChangeGroup.Poll", params: {…}, id: 111 }
main.js:411:15
Received message from Q-SYS: 
Object { jsonrpc: "2.0", result: {…}, id: 98 }
main.js:363:15
Sending message to Q-SYS: 
Object { jsonrpc: "2.0", method: "ChangeGroup.Poll", params: {…}, id: 112 }
main.js:411:15
Received message from Q-SYS: 
Object { jsonrpc: "2.0", result: {…}, id: 99 }
main.js:363:15
Sending message to Q-SYS: 
Object { jsonrpc: "2.0", method: "ChangeGroup.Poll", params: {…}, id: 113 }
main.js:411:15
Received message from Q-SYS: 
Object { jsonrpc: "2.0", result: {…}, id: 100 }
main.js:363:15
Sending message to Q-SYS: 
Object { jsonrpc: "2.0", method: "ChangeGroup.Poll", params: {…}, id: 114 }
main.js:411:15
Received message from Q-SYS: 
Object { jsonrpc: "2.0", result: {…}, id: 101 }
main.js:363:15
Sending message to Q-SYS: 
Object { jsonrpc: "2.0", method: "ChangeGroup.Poll", params: {…}, id: 115 }
main.js:411:15
Received message from Q-SYS: 
Object { jsonrpc: "2.0", result: {…}, id: 102 }
main.js:363:15
Sending message to Q-SYS: 
Object { jsonrpc: "2.0", method: "ChangeGroup.Poll", params: {…}, id: 116 }
main.js:411:15
Received message from Q-SYS: 
Object { jsonrpc: "2.0", id: 103, error: {…} }
main.js:363:15
Received message from Q-SYS: 
Object { jsonrpc: "2.0", result: {…}, id: 104 }
main.js:363:15
Sending message to Q-SYS: 
Object { jsonrpc: "2.0", method: "ChangeGroup.Poll", params: {…}, id: 117 }
main.js:411:15
Received message from Q-SYS: 
Object { jsonrpc: "2.0", result: {…}, id: 105 }
main.js:363:15
Sending message to Q-SYS: 
Object { jsonrpc: "2.0", method: "ChangeGroup.Poll", params: {…}, id: 118 }
main.js:411:15
Received message from Q-SYS: 
Object { jsonrpc: "2.0", method: "EngineStatus", params: {…} }
main.js:363:15
Received message from Q-SYS: 
Object { jsonrpc: "2.0", result: {…}, id: 106 }
main.js:363:15
Sending message to Q-SYS: 
Object { jsonrpc: "2.0", method: "ChangeGroup.Poll", params: {…}, id: 119 }
main.js:411:15
Received message from Q-SYS: 
Object { jsonrpc: "2.0", method: "EngineStatus", params: {…} }
main.js:363:15
Received message from Q-SYS: 
Object { jsonrpc: "2.0", result: {…}, id: 107 }
main.js:363:15
Sending message to Q-SYS: 
Object { jsonrpc: "2.0", method: "ChangeGroup.Poll", params: {…}, id: 120 }
main.js:411:15
Received message from Q-SYS: 
Object { jsonrpc: "2.0", method: "EngineStatus", params: {…} }
main.js:363:15
Received message from Q-SYS: 
Object { jsonrpc: "2.0", result: {…}, id: 108 }
main.js:363:15
Sending message to Q-SYS: 
Object { jsonrpc: "2.0", method: "ChangeGroup.Poll", params: {…}, id: 121 }
main.js:411:15
Received message from Q-SYS: 
Object { jsonrpc: "2.0", result: {…}, id: 109 }
main.js:363:15
Sending message to Q-SYS: 
Object { jsonrpc: "2.0", method: "ChangeGroup.Poll", params: {…}, id: 122 }
main.js:411:15
Received message from Q-SYS: 
Object { jsonrpc: "2.0", method: "EngineStatus", params: {…} }
main.js:363:15
Sending message to Q-SYS: 
Object { jsonrpc: "2.0", method: "ChangeGroup.Poll", params: {…}, id: 123 }
main.js:411:15
Received message from Q-SYS: 
Object { jsonrpc: "2.0", result: {…}, id: 110 }
main.js:363:15
Received message from Q-SYS: 
Object { jsonrpc: "2.0", result: {…}, id: 111 }
main.js:363:15
Sending message to Q-SYS: 
Object { jsonrpc: "2.0", method: "ChangeGroup.Poll", params: {…}, id: 124 }
main.js:411:15
Received message from Q-SYS: 
Object { jsonrpc: "2.0", result: {…}, id: 112 }
main.js:363:15
Sending message to Q-SYS: 
Object { jsonrpc: "2.0", method: "ChangeGroup.Poll", params: {…}, id: 125 }
main.js:411:15
Received message from Q-SYS: 
Object { jsonrpc: "2.0", result: {…}, id: 113 }
main.js:363:15
Sending message to Q-SYS: 
Object { jsonrpc: "2.0", method: "ChangeGroup.Poll", params: {…}, id: 126 }
main.js:411:15
Received message from Q-SYS: 
Object { jsonrpc: "2.0", result: {…}, id: 114 }
main.js:363:15
Sending message to Q-SYS: 
Object { jsonrpc: "2.0", method: "ChangeGroup.Poll", params: {…}, id: 127 }
main.js:411:15
Received message from Q-SYS: 
Object { jsonrpc: "2.0", result: {…}, id: 115 }
main.js:363:15
Sending message to Q-SYS: 
Object { jsonrpc: "2.0", method: "ChangeGroup.Poll", params: {…}, id: 128 }
main.js:411:15
Received message from Q-SYS: 
Object { jsonrpc: "2.0", result: {…}, id: 116 }
main.js:363:15
Sending message to Q-SYS: 
Object { jsonrpc: "2.0", method: "ChangeGroup.Poll", params: {…}, id: 129 }
main.js:411:15
Received message from Q-SYS: 
Object { jsonrpc: "2.0", result: {…}, id: 117 }
main.js:363:15
Sending message to Q-SYS: 
Object { jsonrpc: "2.0", method: "ChangeGroup.Poll", params: {…}, id: 130 }
main.js:411:15
Received message from Q-SYS: 
Object { jsonrpc: "2.0", result: {…}, id: 118 }
main.js:363:15
Sending message to Q-SYS: 
Object { jsonrpc: "2.0", method: "ChangeGroup.Poll", params: {…}, id: 131 }
main.js:411:15
Received message from Q-SYS: 
Object { jsonrpc: "2.0", result: {…}, id: 119 }
main.js:363:15
Sending message to Q-SYS: 
Object { jsonrpc: "2.0", method: "ChangeGroup.Poll", params: {…}, id: 132 }
main.js:411:15
Received message from Q-SYS: 
Object { jsonrpc: "2.0", result: {…}, id: 120 }
main.js:363:15
Sending message to Q-SYS: 
Object { jsonrpc: "2.0", method: "ChangeGroup.Poll", params: {…}, id: 133 }
main.js:411:15
Sending message to Q-SYS: 
Object { jsonrpc: "2.0", method: "ChangeGroup.Poll", params: {…}, id: 134 }
main.js:411:15
Received message from Q-SYS: 
Object { jsonrpc: "2.0", result: {…}, id: 121 }
main.js:363:15
Received message from Q-SYS: 
Object { jsonrpc: "2.0", result: {…}, id: 122 }
main.js:363:15
Sending message to Q-SYS: 
Object { jsonrpc: "2.0", method: "ChangeGroup.Poll", params: {…}, id: 135 }
main.js:411:15
Received message from Q-SYS: 
Object { jsonrpc: "2.0", result: {…}, id: 123 }
main.js:363:15
Sending message to Q-SYS: 
Object { jsonrpc: "2.0", method: "ChangeGroup.Poll", params: {…}, id: 136 }
main.js:411:15
Received message from Q-SYS: 
Object { jsonrpc: "2.0", result: {…}, id: 124 }
main.js:363:15
Sending message to Q-SYS: 
Object { jsonrpc: "2.0", method: "ChangeGroup.Poll", params: {…}, id: 137 }
main.js:411:15
Received message from Q-SYS: 
Object { jsonrpc: "2.0", result: {…}, id: 125 }
main.js:363:15
Sending message to Q-SYS: 
Object { jsonrpc: "2.0", method: "ChangeGroup.Poll", params: {…}, id: 138 }
main.js:411:15
Received message from Q-SYS: 
Object { jsonrpc: "2.0", result: {…}, id: 126 }
main.js:363:15
Sending message to Q-SYS: 
Object { jsonrpc: "2.0", method: "ChangeGroup.Poll", params: {…}, id: 139 }
main.js:411:15
Received message from Q-SYS: 
Object { jsonrpc: "2.0", result: {…}, id: 127 }
main.js:363:15
Sending message to Q-SYS: 
Object { jsonrpc: "2.0", method: "ChangeGroup.Poll", params: {…}, id: 140 }
main.js:411:15
Received message from Q-SYS: 
Object { jsonrpc: "2.0", result: {…}, id: 128 }
main.js:363:15
Sending message to Q-SYS: 
Object { jsonrpc: "2.0", method: "ChangeGroup.Poll", params: {…}, id: 141 }
main.js:411:15
Received message from Q-SYS: 
Object { jsonrpc: "2.0", result: {…}, id: 129 }
main.js:363:15
Sending message to Q-SYS: 
Object { jsonrpc: "2.0", method: "ChangeGroup.Poll", params: {…}, id: 142 }
main.js:411:15
Sending message to Q-SYS: 
Object { jsonrpc: "2.0", method: "ChangeGroup.Poll", params: {…}, id: 143 }
main.js:411:15
Received message from Q-SYS: 
Object { jsonrpc: "2.0", result: {…}, id: 130 }
main.js:363:15
Sending message to Q-SYS: 
Object { jsonrpc: "2.0", method: "ChangeGroup.Poll", params: {…}, id: 144 }
main.js:411:15
Received message from Q-SYS: 
Object { jsonrpc: "2.0", result: {…}, id: 131 }
main.js:363:15
Sending message to Q-SYS: 
Object { jsonrpc: "2.0", method: "Control.Set", params: {…}, id: 145 }
main.js:411:15
Received message from Q-SYS: 
Object { jsonrpc: "2.0", result: {…}, id: 132 }
main.js:363:15
Sending message to Q-SYS: 
Object { jsonrpc: "2.0", method: "Control.Set", params: {…}, id: 146 }
main.js:411:15
Sending message to Q-SYS: 
Object { jsonrpc: "2.0", method: "ChangeGroup.Poll", params: {…}, id: 147 }
main.js:411:15
Sending message to Q-SYS: 
Object { jsonrpc: "2.0", method: "Control.Set", params: {…}, id: 148 }
main.js:411:15
Sending message to Q-SYS: 
Object { jsonrpc: "2.0", method: "Control.Set", params: {…}, id: 149 }
main.js:411:15
Received message from Q-SYS: 
Object { jsonrpc: "2.0", result: {…}, id: 133 }
main.js:363:15
Sending message to Q-SYS: 
Object { jsonrpc: "2.0", method: "ChangeGroup.Poll", params: {…}, id: 150 }
main.js:411:15
Sending message to Q-SYS: 
Object { jsonrpc: "2.0", method: "Control.Set", params: {…}, id: 151 }
main.js:411:15
Received message from Q-SYS: 
Object { jsonrpc: "2.0", method: "EngineStatus", params: {…} }
main.js:363:15
Received message from Q-SYS: 
Object { jsonrpc: "2.0", result: {…}, id: 134 }
main.js:363:15
Sending message to Q-SYS: 
Object { jsonrpc: "2.0", method: "Control.Set", params: {…}, id: 152 }
main.js:411:15
Sending message to Q-SYS: 
Object { jsonrpc: "2.0", method: "Control.Set", params: {…}, id: 153 }
main.js:411:15
Sending message to Q-SYS: 
Object { jsonrpc: "2.0", method: "ChangeGroup.Poll", params: {…}, id: 154 }
main.js:411:15
Sending message to Q-SYS: 
Object { jsonrpc: "2.0", method: "Control.Set", params: {…}, id: 155 }
main.js:411:15
Received message from Q-SYS: 
Object { jsonrpc: "2.0", method: "EngineStatus", params: {…} }
main.js:363:15
Received message from Q-SYS: 
Object { jsonrpc: "2.0", method: "EngineStatus", params: {…} }
main.js:363:15
Sending message to Q-SYS: 
Object { jsonrpc: "2.0", method: "Control.Set", params: {…}, id: 156 }
main.js:411:15
Sending message to Q-SYS: 
Object { jsonrpc: "2.0", method: "ChangeGroup.Poll", params: {…}, id: 157 }
main.js:411:15
Received message from Q-SYS: 
Object { jsonrpc: "2.0", result: {…}, id: 135 }
main.js:363:15
Received message from Q-SYS: 
Object { jsonrpc: "2.0", method: "EngineStatus", params: {…} }
main.js:363:15
Received message from Q-SYS: 
Object { jsonrpc: "2.0", result: {…}, id: 136 }
main.js:363:15
Sending message to Q-SYS: 
Object { jsonrpc: "2.0", method: "ChangeGroup.Poll", params: {…}, id: 158 }
main.js:411:15
Received message from Q-SYS: 
Object { jsonrpc: "2.0", result: {…}, id: 137 }
main.js:363:15
Sending message to Q-SYS: 
Object { jsonrpc: "2.0", method: "ChangeGroup.Poll", params: {…}, id: 159 }
main.js:411:15
Received message from Q-SYS: 
Object { jsonrpc: "2.0", result: {…}, id: 138 }
main.js:363:15
Sending message to Q-SYS: 
Object { jsonrpc: "2.0", method: "ChangeGroup.Poll", params: {…}, id: 160 }
main.js:411:15
Received message from Q-SYS: 
Object { jsonrpc: "2.0", result: {…}, id: 139 }
main.js:363:15
Sending message to Q-SYS: 
Object { jsonrpc: "2.0", method: "ChangeGroup.Poll", params: {…}, id: 161 }
main.js:411:15
Received message from Q-SYS: 
Object { jsonrpc: "2.0", result: {…}, id: 140 }
main.js:363:15
Sending message to Q-SYS: 
Object { jsonrpc: "2.0", method: "ChangeGroup.Poll", params: {…}, id: 162 }
main.js:411:15
Received message from Q-SYS: 
Object { jsonrpc: "2.0", result: {…}, id: 141 }
main.js:363:15
Sending message to Q-SYS: 
Object { jsonrpc: "2.0", method: "ChangeGroup.Poll", params: {…}, id: 163 }
main.js:411:15
Received message from Q-SYS: 
Object { jsonrpc: "2.0", result: {…}, id: 142 }
main.js:363:15
Sending message to Q-SYS: 
Object { jsonrpc: "2.0", method: "ChangeGroup.Poll", params: {…}, id: 164 }
main.js:411:15
Received message from Q-SYS: 
Object { jsonrpc: "2.0", result: {…}, id: 143 }
main.js:363:15
Sending message to Q-SYS: 
Object { jsonrpc: "2.0", method: "ChangeGroup.Poll", params: {…}, id: 165 }
main.js:411:15
Received message from Q-SYS: 
Object { jsonrpc: "2.0", result: {…}, id: 144 }
main.js:363:15
Received message from Q-SYS: 
Object { jsonrpc: "2.0", id: 145, error: {…} }
main.js:363:15
Sending message to Q-SYS: 
Object { jsonrpc: "2.0", method: "ChangeGroup.Poll", params: {…}, id: 166 }
main.js:411:15
Received message from Q-SYS: 
Object { jsonrpc: "2.0", id: 146, error: {…} }
main.js:363:15
Received message from Q-SYS: 
Object { jsonrpc: "2.0", result: {…}, id: 147 }
main.js:363:15
Received message from Q-SYS: 
Object { jsonrpc: "2.0", id: 148, error: {…} }
main.js:363:15
Received message from Q-SYS: 
Object { jsonrpc: "2.0", id: 149, error: {…} }
main.js:363:15
Sending message to Q-SYS: 
Object { jsonrpc: "2.0", method: "ChangeGroup.Poll", params: {…}, id: 167 }
main.js:411:15
Received message from Q-SYS: 
Object { jsonrpc: "2.0", result: {…}, id: 150 }
main.js:363:15
Received message from Q-SYS: 
Object { jsonrpc: "2.0", id: 151, error: {…} }
main.js:363:15
Received message from Q-SYS: 
Object { jsonrpc: "2.0", id: 152, error: {…} }
main.js:363:15
Sending message to Q-SYS: 
Object { jsonrpc: "2.0", method: "ChangeGroup.Poll", params: {…}, id: 168 }
main.js:411:15
Received message from Q-SYS: 
Object { jsonrpc: "2.0", id: 153, error: {…} }
main.js:363:15
Received message from Q-SYS: 
Object { jsonrpc: "2.0", result: {…}, id: 154 }
main.js:363:15
Sending message to Q-SYS: 
Object { jsonrpc: "2.0", method: "ChangeGroup.Poll", params: {…}, id: 169 }
main.js:411:15
Received message from Q-SYS: 
Object { jsonrpc: "2.0", id: 155, error: {…} }
main.js:363:15
Sending message to Q-SYS: 
Object { jsonrpc: "2.0", method: "ChangeGroup.Poll", params: {…}, id: 170 }
main.js:411:15
Received message from Q-SYS: 
Object { jsonrpc: "2.0", id: 156, error: {…} }
main.js:363:15
Received message from Q-SYS: 
Object { jsonrpc: "2.0", result: {…}, id: 157 }
main.js:363:15
Received message from Q-SYS: 
Object { jsonrpc: "2.0", result: {…}, id: 158 }
main.js:363:15
Sending message to Q-SYS: 
Object { jsonrpc: "2.0", method: "ChangeGroup.Poll", params: {…}, id: 171 }
main.js:411:15
Received message from Q-SYS: 
Object { jsonrpc: "2.0", result: {…}, id: 159 }
main.js:363:15
Sending message to Q-SYS: 
Object { jsonrpc: "2.0", method: "ChangeGroup.Poll", params: {…}, id: 172 }
main.js:411:15
Received message from Q-SYS: 
Object { jsonrpc: "2.0", result: {…}, id: 160 }
main.js:363:15
Sending message to Q-SYS: 
Object { jsonrpc: "2.0", method: "ChangeGroup.Poll", params: {…}, id: 173 }
main.js:411:15
Received message from Q-SYS: 
Object { jsonrpc: "2.0", result: {…}, id: 161 }
main.js:363:15
Sending message to Q-SYS: 
Object { jsonrpc: "2.0", method: "ChangeGroup.Poll", params: {…}, id: 174 }
main.js:411:15
Received message from Q-SYS: 
Object { jsonrpc: "2.0", result: {…}, id: 162 }
main.js:363:15
Sending message to Q-SYS: 
Object { jsonrpc: "2.0", method: "ChangeGroup.Poll", params: {…}, id: 175 }
main.js:411:15
Received message from Q-SYS: 
Object { jsonrpc: "2.0", result: {…}, id: 163 }
main.js:363:15
Sending message to Q-SYS: 
Object { jsonrpc: "2.0", method: "ChangeGroup.Poll", params: {…}, id: 176 }
main.js:411:15
Received message from Q-SYS: 
Object { jsonrpc: "2.0", result: {…}, id: 164 }
main.js:363:15
Sending message to Q-SYS: 
Object { jsonrpc: "2.0", method: "ChangeGroup.Poll", params: {…}, id: 177 }
main.js:411:15
Received message from Q-SYS: 
Object { jsonrpc: "2.0", result: {…}, id: 165 }
main.js:363:15
Sending message to Q-SYS: 
Object { jsonrpc: "2.0", method: "ChangeGroup.Poll", params: {…}, id: 178 }
main.js:411:15
Sending message to Q-SYS: 
Object { jsonrpc: "2.0", method: "ChangeGroup.Poll", params: {…}, id: 179 }
main.js:411:15
Received message from Q-SYS: 
Object { jsonrpc: "2.0", result: {…}, id: 166 }
main.js:363:15
Sending message to Q-SYS: 
Object { jsonrpc: "2.0", method: "ChangeGroup.Poll", params: {…}, id: 180 }
main.js:411:15
Received message from Q-SYS: 
Object { jsonrpc: "2.0", result: {…}, id: 167 }
main.js:363:15
Received message from Q-SYS: 
Object { jsonrpc: "2.0", result: {…}, id: 168 }
main.js:363:15
Sending message to Q-SYS: 
Object { jsonrpc: "2.0", method: "ChangeGroup.Poll", params: {…}, id: 181 }
main.js:411:15
Received message from Q-SYS: 
Object { jsonrpc: "2.0", result: {…}, id: 169 }
main.js:363:15
Sending message to Q-SYS: 
Object { jsonrpc: "2.0", method: "ChangeGroup.Poll", params: {…}, id: 182 }
main.js:411:15
Received message from Q-SYS: 
Object { jsonrpc: "2.0", result: {…}, id: 170 }
main.js:363:15
Sending message to Q-SYS: 
Object { jsonrpc: "2.0", method: "ChangeGroup.Poll", params: {…}, id: 183 }
main.js:411:15
Received message from Q-SYS: 
Object { jsonrpc: "2.0", method: "EngineStatus", params: {…} }
main.js:363:15
Sending message to Q-SYS: 
Object { jsonrpc: "2.0", method: "ChangeGroup.Poll", params: {…}, id: 184 }
main.js:411:15
Received message from Q-SYS: 
Object { jsonrpc: "2.0", result: {…}, id: 171 }
main.js:363:15
Received message from Q-SYS: 
Object { jsonrpc: "2.0", result: {…}, id: 172 }
main.js:363:15
Sending message to Q-SYS: 
Object { jsonrpc: "2.0", method: "ChangeGroup.Poll", params: {…}, id: 185 }
main.js:411:15
Received message from Q-SYS: 
Object { jsonrpc: "2.0", method: "EngineStatus", params: {…} }
main.js:363:15
Sending message to Q-SYS: 
Object { jsonrpc: "2.0", method: "ChangeGroup.Poll", params: {…}, id: 186 }
main.js:411:15
Received message from Q-SYS: 
Object { jsonrpc: "2.0", result: {…}, id: 173 }
main.js:363:15
Received message from Q-SYS: 
Object { jsonrpc: "2.0", method: "EngineStatus", params: {…} }
main.js:363:15
Received message from Q-SYS: 
Object { jsonrpc: "2.0", method: "EngineStatus", params: {…} }
main.js:363:15
Received message from Q-SYS: 
Object { jsonrpc: "2.0", result: {…}, id: 174 }
main.js:363:15
Sending message to Q-SYS: 
Object { jsonrpc: "2.0", method: "ChangeGroup.Poll", params: {…}, id: 187 }
main.js:411:15
Received message from Q-SYS: 
Object { jsonrpc: "2.0", result: {…}, id: 175 }
main.js:363:15
Sending message to Q-SYS: 
Object { jsonrpc: "2.0", method: "ChangeGroup.Poll", params: {…}, id: 188 }
main.js:411:15
Received message from Q-SYS: 
Object { jsonrpc: "2.0", result: {…}, id: 176 }
main.js:363:15
Sending message to Q-SYS: 
Object { jsonrpc: "2.0", method: "ChangeGroup.Poll", params: {…}, id: 189 }
main.js:411:15
Sending message to Q-SYS: 
Object { jsonrpc: "2.0", method: "ChangeGroup.Poll", params: {…}, id: 190 }
main.js:411:15
Received message from Q-SYS: 
Object { jsonrpc: "2.0", result: {…}, id: 177 }
main.js:363:15
Received message from Q-SYS: 
Object { jsonrpc: "2.0", result: {…}, id: 178 }
main.js:363:15
Sending message to Q-SYS: 
Object { jsonrpc: "2.0", method: "ChangeGroup.Poll", params: {…}, id: 191 }
main.js:411:15
Received message from Q-SYS: 
Object { jsonrpc: "2.0", result: {…}, id: 179 }
main.js:363:15
Sending message to Q-SYS: 
Object { jsonrpc: "2.0", method: "ChangeGroup.Poll", params: {…}, id: 192 }
main.js:411:15
Received message from Q-SYS: 
Object { jsonrpc: "2.0", result: {…}, id: 180 }
main.js:363:15
Received message from Q-SYS: 
Object { jsonrpc: "2.0", result: {…}, id: 181 }
main.js:363:15
Received message from Q-SYS: 
Object { jsonrpc: "2.0", result: {…}, id: 182 }
main.js:363:15
Received message from Q-SYS: 
Object { jsonrpc: "2.0", result: {…}, id: 183 }
main.js:363:15
Received message from Q-SYS: 
Object { jsonrpc: "2.0", result: {…}, id: 184 }
main.js:363:15
Sending message to Q-SYS: 
Object { jsonrpc: "2.0", method: "ChangeGroup.Poll", params: {…}, id: 193 }
main.js:411:15
Received message from Q-SYS: 
Object { jsonrpc: "2.0", result: {…}, id: 185 }
main.js:363:15
Sending message to Q-SYS: 
Object { jsonrpc: "2.0", method: "ChangeGroup.Poll", params: {…}, id: 194 }
main.js:411:15
Received message from Q-SYS: 
Object { jsonrpc: "2.0", result: {…}, id: 186 }
main.js:363:15
Received message from Q-SYS: 
Object { jsonrpc: "2.0", result: {…}, id: 187 }
main.js:363:15
Sending message to Q-SYS: 
Object { jsonrpc: "2.0", method: "ChangeGroup.Poll", params: {…}, id: 195 }
main.js:411:15
Sending message to Q-SYS: 
Object { jsonrpc: "2.0", method: "ChangeGroup.Poll", params: {…}, id: 196 }
main.js:411:15
Sending message to Q-SYS: 
Object { jsonrpc: "2.0", method: "ChangeGroup.Poll", params: {…}, id: 197 }
main.js:411:15
Sending message to Q-SYS: 
Object { jsonrpc: "2.0", method: "ChangeGroup.Poll", params: {…}, id: 198 }
main.js:411:15
Sending message to Q-SYS: 
Object { jsonrpc: "2.0", method: "ChangeGroup.Poll", params: {…}, id: 199 }
main.js:411:15
Sending message to Q-SYS: 
Object { jsonrpc: "2.0", method: "ChangeGroup.Poll", params: {…}, id: 200 }
main.js:411:15
Sending message to Q-SYS: 
Object { jsonrpc: "2.0", method: "ChangeGroup.Poll", params: {…}, id: 201 }
main.js:411:15
Sending message to Q-SYS: 
Object { jsonrpc: "2.0", method: "ChangeGroup.Poll", params: {…}, id: 202 }
main.js:411:15
Received message from Q-SYS: 
Object { jsonrpc: "2.0", result: {…}, id: 188 }
main.js:363:15
Received message from Q-SYS: 
Object { jsonrpc: "2.0", result: {…}, id: 189 }
main.js:363:15
Received message from Q-SYS: 
Object { jsonrpc: "2.0", result: {…}, id: 190 }
main.js:363:15
Sending message to Q-SYS: 
Object { jsonrpc: "2.0", method: "ChangeGroup.Poll", params: {…}, id: 203 }
main.js:411:15
Sending message to Q-SYS: 
Object { jsonrpc: "2.0", method: "ChangeGroup.Poll", params: {…}, id: 204 }
main.js:411:15
Received message from Q-SYS: 
Object { jsonrpc: "2.0", result: {…}, id: 191 }
main.js:363:15
Received message from Q-SYS: 
Object { jsonrpc: "2.0", result: {…}, id: 192 }
main.js:363:15
Sending message to Q-SYS: 
Object { jsonrpc: "2.0", method: "ChangeGroup.Poll", params: {…}, id: 205 }
main.js:411:15
Received message from Q-SYS: 
Object { jsonrpc: "2.0", result: {…}, id: 193 }
main.js:363:15
Sending message to Q-SYS: 
Object { jsonrpc: "2.0", method: "ChangeGroup.Poll", params: {…}, id: 206 }
main.js:411:15
Received message from Q-SYS: 
Object { jsonrpc: "2.0", result: {…}, id: 194 }
main.js:363:15
Sending message to Q-SYS: 
Object { jsonrpc: "2.0", method: "ChangeGroup.Poll", params: {…}, id: 207 }
main.js:411:15
Received message from Q-SYS: 
Object { jsonrpc: "2.0", result: {…}, id: 195 }
main.js:363:15
Sending message to Q-SYS: 
Object { jsonrpc: "2.0", method: "ChangeGroup.Poll", params: {…}, id: 208 }
main.js:411:15
Received message from Q-SYS: 
Object { jsonrpc: "2.0", result: {…}, id: 196 }
main.js:363:15
Sending message to Q-SYS: 
Object { jsonrpc: "2.0", method: "ChangeGroup.Poll", params: {…}, id: 209 }
main.js:411:15
Received message from Q-SYS: 
Object { jsonrpc: "2.0", result: {…}, id: 197 }
main.js:363:15
Sending message to Q-SYS: 
Object { jsonrpc: "2.0", method: "ChangeGroup.Poll", params: {…}, id: 210 }
main.js:411:15
Sending message to Q-SYS: 
Object { jsonrpc: "2.0", method: "ChangeGroup.Poll", params: {…}, id: 211 }
main.js:411:15
Received message from Q-SYS: 
Object { jsonrpc: "2.0", result: {…}, id: 198 }
main.js:363:15
Received message from Q-SYS: 
Object { jsonrpc: "2.0", method: "EngineStatus", params: {…} }
main.js:363:15
Received message from Q-SYS: 
Object { jsonrpc: "2.0", result: {…}, id: 199 }
main.js:363:15
Sending message to Q-SYS: 
Object { jsonrpc: "2.0", method: "ChangeGroup.Poll", params: {…}, id: 212 }
main.js:411:15
Received message from Q-SYS: 
Object { jsonrpc: "2.0", result: {…}, id: 200 }
main.js:363:15
Sending message to Q-SYS: 
Object { jsonrpc: "2.0", method: "ChangeGroup.Poll", params: {…}, id: 213 }
main.js:411:15
Received message from Q-SYS: 
Object { jsonrpc: "2.0", method: "EngineStatus", params: {…} }
main.js:363:15
Received message from Q-SYS: 
Object { jsonrpc: "2.0", method: "EngineStatus", params: {…} }
main.js:363:15
Sending message to Q-SYS: 
Object { jsonrpc: "2.0", method: "ChangeGroup.Poll", params: {…}, id: 214 }
main.js:411:15
Sending message to Q-SYS: 
Object { jsonrpc: "2.0", method: "ChangeGroup.Poll", params: {…}, id: 215 }
main.js:411:15
Received message from Q-SYS: 
Object { jsonrpc: "2.0", result: {…}, id: 201 }
main.js:363:15
Received message from Q-SYS: 
Object { jsonrpc: "2.0", result: {…}, id: 202 }
main.js:363:15
Sending message to Q-SYS: 
Object { jsonrpc: "2.0", method: "ChangeGroup.Poll", params: {…}, id: 216 }
main.js:411:15
Received message from Q-SYS: 
Object { jsonrpc: "2.0", result: {…}, id: 203 }
main.js:363:15
Sending message to Q-SYS: 
Object { jsonrpc: "2.0", method: "ChangeGroup.Poll", params: {…}, id: 217 }
main.js:411:15
Received message from Q-SYS: 
Object { jsonrpc: "2.0", result: {…}, id: 204 }
main.js:363:15
Sending message to Q-SYS: 
Object { jsonrpc: "2.0", method: "ChangeGroup.Poll", params: {…}, id: 218 }
main.js:411:15
Received message from Q-SYS: 
Object { jsonrpc: "2.0", result: {…}, id: 205 }
main.js:363:15
Received message from Q-SYS: 
Object { jsonrpc: "2.0", method: "EngineStatus", params: {…} }
main.js:363:15
Sending message to Q-SYS: 
Object { jsonrpc: "2.0", method: "ChangeGroup.Poll", params: {…}, id: 219 }
main.js:411:15
Received message from Q-SYS: 
Object { jsonrpc: "2.0", result: {…}, id: 206 }
main.js:363:15
Sending message to Q-SYS: 
Object { jsonrpc: "2.0", method: "ChangeGroup.Poll", params: {…}, id: 220 }
main.js:411:15
Received message from Q-SYS: 
Object { jsonrpc: "2.0", result: {…}, id: 207 }
main.js:363:15
Sending message to Q-SYS: 
Object { jsonrpc: "2.0", method: "ChangeGroup.Poll", params: {…}, id: 221 }
main.js:411:15
Received message from Q-SYS: 
Object { jsonrpc: "2.0", result: {…}, id: 208 }
main.js:363:15
Sending message to Q-SYS: 
Object { jsonrpc: "2.0", method: "ChangeGroup.Poll", params: {…}, id: 222 }
main.js:411:15
Received message from Q-SYS: 
Object { jsonrpc: "2.0", result: {…}, id: 209 }
main.js:363:15
Sending message to Q-SYS: 
Object { jsonrpc: "2.0", method: "ChangeGroup.Poll", params: {…}, id: 223 }
main.js:411:15
Received message from Q-SYS: 
Object { jsonrpc: "2.0", result: {…}, id: 210 }
main.js:363:15
Sending message to Q-SYS: 
Object { jsonrpc: "2.0", method: "ChangeGroup.Poll", params: {…}, id: 224 }
main.js:411:15
Received message from Q-SYS: 
Object { jsonrpc: "2.0", result: {…}, id: 211 }
main.js:363:15
Sending message to Q-SYS: 
Object { jsonrpc: "2.0", method: "ChangeGroup.Poll", params: {…}, id: 225 }
main.js:411:15
Sending message to Q-SYS: 
Object { jsonrpc: "2.0", method: "ChangeGroup.Poll", params: {…}, id: 226 }
main.js:411:15
Received message from Q-SYS: 
Object { jsonrpc: "2.0", result: {…}, id: 212 }
main.js:363:15
Received message from Q-SYS: 
Object { jsonrpc: "2.0", result: {…}, id: 213 }
main.js:363:15
Sending message to Q-SYS: 
Object { jsonrpc: "2.0", method: "ChangeGroup.Poll", params: {…}, id: 227 }
main.js:411:15
Sending message to Q-SYS: 
Object { jsonrpc: "2.0", method: "ChangeGroup.Poll", params: {…}, id: 228 }
main.js:411:15
Received message from Q-SYS: 
Object { jsonrpc: "2.0", result: {…}, id: 214 }
main.js:363:15
Received message from Q-SYS: 
Object { jsonrpc: "2.0", result: {…}, id: 215 }
main.js:363:15
Received message from Q-SYS: 
Object { jsonrpc: "2.0", result: {…}, id: 216 }
main.js:363:15
Sending message to Q-SYS: 
Object { jsonrpc: "2.0", method: "ChangeGroup.Poll", params: {…}, id: 229 }
main.js:411:15
Received message from Q-SYS: 
Object { jsonrpc: "2.0", result: {…}, id: 217 }
main.js:363:15
Sending message to Q-SYS: 
Object { jsonrpc: "2.0", method: "ChangeGroup.Poll", params: {…}, id: 230 }
main.js:411:15
Received message from Q-SYS: 
Object { jsonrpc: "2.0", result: {…}, id: 218 }
main.js:363:15
Sending message to Q-SYS: 
Object { jsonrpc: "2.0", method: "ChangeGroup.Poll", params: {…}, id: 231 }
main.js:411:15
Received message from Q-SYS: 
Object { jsonrpc: "2.0", result: {…}, id: 219 }
main.js:363:15
Sending message to Q-SYS: 
Object { jsonrpc: "2.0", method: "ChangeGroup.Poll", params: {…}, id: 232 }
main.js:411:15
Received message from Q-SYS: 
Object { jsonrpc: "2.0", result: {…}, id: 220 }
main.js:363:15
Received message from Q-SYS: 
Object { jsonrpc: "2.0", result: {…}, id: 221 }
main.js:363:15
Sending message to Q-SYS: 
Object { jsonrpc: "2.0", method: "ChangeGroup.Poll", params: {…}, id: 233 }
main.js:411:15
Sending message to Q-SYS: 
Object { jsonrpc: "2.0", method: "ChangeGroup.Poll", params: {…}, id: 234 }
main.js:411:15
Received message from Q-SYS: 
Object { jsonrpc: "2.0", result: {…}, id: 222 }
main.js:363:15
Sending message to Q-SYS: 
Object { jsonrpc: "2.0", method: "ChangeGroup.Poll", params: {…}, id: 235 }
main.js:411:15
Received message from Q-SYS: 
Object { jsonrpc: "2.0", result: {…}, id: 223 }
main.js:363:15
Sending message to Q-SYS: 
Object { jsonrpc: "2.0", method: "ChangeGroup.Poll", params: {…}, id: 236 }
main.js:411:15
Received message from Q-SYS: 
Object { jsonrpc: "2.0", result: {…}, id: 224 }
main.js:363:15
Sending message to Q-SYS: 
Object { jsonrpc: "2.0", method: "ChangeGroup.Poll", params: {…}, id: 237 }
main.js:411:15
Received message from Q-SYS: 
Object { jsonrpc: "2.0", result: {…}, id: 225 }
main.js:363:15
Sending message to Q-SYS: 
Object { jsonrpc: "2.0", method: "ChangeGroup.Poll", params: {…}, id: 238 }
main.js:411:15
Received message from Q-SYS: 
Object { jsonrpc: "2.0", result: {…}, id: 226 }
main.js:363:15
Sending message to Q-SYS: 
Object { jsonrpc: "2.0", method: "ChangeGroup.Poll", params: {…}, id: 239 }
main.js:411:15
Received message from Q-SYS: 
Object { jsonrpc: "2.0", method: "EngineStatus", params: {…} }
main.js:363:15
Sending message to Q-SYS: 
Object { jsonrpc: "2.0", method: "ChangeGroup.Poll", params: {…}, id: 240 }
main.js:411:15
Received message from Q-SYS: 
Object { jsonrpc: "2.0", result: {…}, id: 227 }
main.js:363:15
Received message from Q-SYS: 
Object { jsonrpc: "2.0", result: {…}, id: 228 }
main.js:363:15
Sending message to Q-SYS: 
Object { jsonrpc: "2.0", method: "ChangeGroup.Poll", params: {…}, id: 241 }
main.js:411:15
Received message from Q-SYS: 
Object { jsonrpc: "2.0", method: "EngineStatus", params: {…} }
main.js:363:15
Sending message to Q-SYS: 
Object { jsonrpc: "2.0", method: "ChangeGroup.Poll", params: {…}, id: 242 }
main.js:411:15
Received message from Q-SYS: 
Object { jsonrpc: "2.0", result: {…}, id: 229 }
main.js:363:15
Received message from Q-SYS: 
Object { jsonrpc: "2.0", method: "EngineStatus", params: {…} }
main.js:363:15
Sending message to Q-SYS: 
Object { jsonrpc: "2.0", method: "ChangeGroup.Poll", params: {…}, id: 243 }
main.js:411:15
Received message from Q-SYS: 
Object { jsonrpc: "2.0", result: {…}, id: 230 }
main.js:363:15
Received message from Q-SYS: 
Object { jsonrpc: "2.0", result: {…}, id: 231 }
main.js:363:15
Sending message to Q-SYS: 
Object { jsonrpc: "2.0", method: "ChangeGroup.Poll", params: {…}, id: 244 }
main.js:411:15
Received message from Q-SYS: 
Object { jsonrpc: "2.0", result: {…}, id: 232 }
main.js:363:15
Sending message to Q-SYS: 
Object { jsonrpc: "2.0", method: "ChangeGroup.Poll", params: {…}, id: 245 }
main.js:411:15
Received message from Q-SYS: 
Object { jsonrpc: "2.0", method: "EngineStatus", params: {…} }
main.js:363:15
Received message from Q-SYS: 
Object { jsonrpc: "2.0", result: {…}, id: 233 }
main.js:363:15
Sending message to Q-SYS: 
Object { jsonrpc: "2.0", method: "ChangeGroup.Poll", params: {…}, id: 246 }
main.js:411:15
Received message from Q-SYS: 
Object { jsonrpc: "2.0", result: {…}, id: 234 }
main.js:363:15
Sending message to Q-SYS: 
Object { jsonrpc: "2.0", method: "ChangeGroup.Poll", params: {…}, id: 247 }
main.js:411:15
Received message from Q-SYS: 
Object { jsonrpc: "2.0", result: {…}, id: 235 }
main.js:363:15
Sending message to Q-SYS: 
Object { jsonrpc: "2.0", method: "ChangeGroup.Poll", params: {…}, id: 248 }
main.js:411:15
Received message from Q-SYS: 
Object { jsonrpc: "2.0", result: {…}, id: 236 }
main.js:363:15
Received message from Q-SYS: 
Object { jsonrpc: "2.0", result: {…}, id: 237 }
main.js:363:15
Received message from Q-SYS: 
Object { jsonrpc: "2.0", result: {…}, id: 238 }
main.js:363:15
Received message from Q-SYS: 
Object { jsonrpc: "2.0", result: {…}, id: 239 }
main.js:363:15
Received message from Q-SYS: 
Object { jsonrpc: "2.0", result: {…}, id: 240 }
main.js:363:15
Sending message to Q-SYS: 
Object { jsonrpc: "2.0", method: "ChangeGroup.Poll", params: {…}, id: 249 }
main.js:411:15
Received message from Q-SYS: 
Object { jsonrpc: "2.0", result: {…}, id: 241 }
main.js:363:15
Sending message to Q-SYS: 
Object { jsonrpc: "2.0", method: "ChangeGroup.Poll", params: {…}, id: 250 }
main.js:411:15
Received message from Q-SYS: 
Object { jsonrpc: "2.0", result: {…}, id: 242 }
main.js:363:15
Sending message to Q-SYS: 
Object { jsonrpc: "2.0", method: "ChangeGroup.Poll", params: {…}, id: 251 }
main.js:411:15
Received message from Q-SYS: 
Object { jsonrpc: "2.0", result: {…}, id: 243 }
main.js:363:15
Sending message to Q-SYS: 
Object { jsonrpc: "2.0", method: "ChangeGroup.Poll", params: {…}, id: 252 }
main.js:411:15
Sending message to Q-SYS: 
Object { jsonrpc: "2.0", method: "ChangeGroup.Poll", params: {…}, id: 253 }
main.js:411:15
Sending message to Q-SYS: 
Object { jsonrpc: "2.0", method: "ChangeGroup.Poll", params: {…}, id: 254 }
main.js:411:15
