Received message from Q-SYS: 
Object { jsonrpc: "2.0", id: 875, error: {…} }
main.js:370:15
Sending message to Q-SYS: 
Object { jsonrpc: "2.0", method: "Control.Get", params: (4) […], id: 884 }
main.js:426:15
Received message from Q-SYS: 
Object { jsonrpc: "2.0", id: 876, error: {…} }
main.js:370:15
Sending message to Q-SYS: 
Object { jsonrpc: "2.0", method: "Control.Get", params: (4) […], id: 885 }
main.js:426:15
WebSocket not open, cannot send message: 
Object { jsonrpc: "2.0", method: "Control.Get", params: (4) […], id: 886 }
main.js:429:15
GET
http://localhost:4200/
[HTTP/1.1 200 OK 2014ms]

WebSocket not open, cannot send message: 
Object { jsonrpc: "2.0", method: "Control.Get", params: (4) […], id: 887 }
main.js:429:15
WebSocket not open, cannot send message: 
Object { jsonrpc: "2.0", method: "Control.Get", params: (4) […], id: 888 }
main.js:429:15
WebSocket not open, cannot send message: 
Object { jsonrpc: "2.0", method: "Control.Get", params: (4) […], id: 889 }
main.js:429:15
WebSocket not open, cannot send message: 
Object { jsonrpc: "2.0", method: "Control.Get", params: (4) […], id: 890 }
main.js:429:15
WebSocket not open, cannot send message: 
Object { jsonrpc: "2.0", method: "Control.Get", params: (4) […], id: 891 }
main.js:429:15
WebSocket not open, cannot send message: 
Object { jsonrpc: "2.0", method: "Control.Get", params: (4) […], id: 892 }
main.js:429:15
WebSocket not open, cannot send message: 
Object { jsonrpc: "2.0", method: "Control.Get", params: (4) […], id: 893 }
main.js:429:15
WebSocket not open, cannot send message: 
Object { jsonrpc: "2.0", method: "Control.Get", params: (4) […], id: 894 }
main.js:429:15
WebSocket not open, cannot send message: 
Object { jsonrpc: "2.0", method: "Control.Get", params: (4) […], id: 895 }
main.js:429:15
WebSocket not open, cannot send message: 
Object { jsonrpc: "2.0", method: "Control.Get", params: (4) […], id: 896 }
main.js:429:15
WebSocket not open, cannot send message: 
Object { jsonrpc: "2.0", method: "Control.Get", params: (4) […], id: 897 }
main.js:429:15
WebSocket not open, cannot send message: 
Object { jsonrpc: "2.0", method: "Control.Get", params: (4) […], id: 898 }
main.js:429:15
WebSocket not open, cannot send message: 
Object { jsonrpc: "2.0", method: "Control.Get", params: (4) […], id: 899 }
main.js:429:15
WebSocket not open, cannot send message: 
Object { jsonrpc: "2.0", method: "Control.Get", params: (4) […], id: 900 }
main.js:429:15
WebSocket not open, cannot send message: 
Object { jsonrpc: "2.0", method: "Control.Get", params: (4) […], id: 901 }
main.js:429:15
WebSocket not open, cannot send message: 
Object { jsonrpc: "2.0", method: "Control.Get", params: (4) […], id: 902 }
main.js:429:15
WebSocket not open, cannot send message: 
Object { jsonrpc: "2.0", method: "Control.Get", params: (4) […], id: 903 }
main.js:429:15
WebSocket not open, cannot send message: 
Object { jsonrpc: "2.0", method: "Control.Get", params: (4) […], id: 904 }
main.js:429:15
WebSocket not open, cannot send message: 
Object { jsonrpc: "2.0", method: "Control.Get", params: (4) […], id: 905 }
main.js:429:15
WebSocket not open, cannot send message: 
Object { jsonrpc: "2.0", method: "Control.Get", params: (4) […], id: 906 }
main.js:429:15
WebSocket not open, cannot send message: 
Object { jsonrpc: "2.0", method: "Control.Get", params: (4) […], id: 907 }
main.js:429:15
WebSocket not open, cannot send message: 
Object { jsonrpc: "2.0", method: "Control.Get", params: (4) […], id: 908 }
main.js:429:15
WebSocket not open, cannot send message: 
Object { jsonrpc: "2.0", method: "Control.Get", params: (4) […], id: 909 }
main.js:429:15
WebSocket not open, cannot send message: 
Object { jsonrpc: "2.0", method: "Control.Get", params: (4) […], id: 910 }
main.js:429:15
WebSocket not open, cannot send message: 
Object { jsonrpc: "2.0", method: "Control.Get", params: (4) […], id: 911 }
main.js:429:15
WebSocket not open, cannot send message: 
Object { jsonrpc: "2.0", method: "Control.Get", params: (4) […], id: 912 }
main.js:429:15
WebSocket not open, cannot send message: 
Object { jsonrpc: "2.0", method: "Control.Get", params: (4) […], id: 913 }
main.js:429:15
Disconnected from Q-SYS Core main.js:236:17
GET
http://localhost:4200/@vite/client
[HTTP/1.1 304 Not Modified 0ms]

GET
http://localhost:4200/styles.css
[HTTP/1.1 304 Not Modified 0ms]

GET
http://localhost:4200/main.js
[HTTP/1.1 304 Not Modified 0ms]

GET
http://localhost:4200/polyfills.js
[HTTP/1.1 304 Not Modified 1ms]

GET
http://localhost:4200/@fs/C:/src/repos/HTML dev/q-sys-angular-components/.angular/cache/20.3.13/q-sys-angular-components/vite/deps/zone__js.js?v=36af2b62
[HTTP/1.1 200 OK 0ms]

GET
http://localhost:4200/@fs/C:/src/repos/HTML dev/q-sys-angular-components/node_modules/vite/dist/client/env.mjs
[HTTP/1.1 304 Not Modified 0ms]

GET
http://localhost:4200/@fs/C:/src/repos/HTML dev/q-sys-angular-components/.angular/cache/20.3.13/q-sys-angular-components/vite/deps/@angular_core.js?v=36af2b62
[HTTP/1.1 200 OK 0ms]

GET
http://localhost:4200/@fs/C:/src/repos/HTML dev/q-sys-angular-components/.angular/cache/20.3.13/q-sys-angular-components/vite/deps/@angular_platform-browser.js?v=36af2b62
[HTTP/1.1 200 OK 0ms]

GET
http://localhost:4200/@fs/C:/src/repos/HTML dev/q-sys-angular-components/.angular/cache/20.3.13/q-sys-angular-components/vite/deps/@angular_common.js?v=36af2b62
[HTTP/1.1 200 OK 0ms]

GET
http://localhost:4200/@fs/C:/src/repos/HTML dev/q-sys-angular-components/.angular/cache/20.3.13/q-sys-angular-components/vite/deps/@angular_router.js?v=36af2b62
[HTTP/1.1 200 OK 0ms]

GET
http://localhost:4200/@fs/C:/src/repos/HTML dev/q-sys-angular-components/.angular/cache/20.3.13/q-sys-angular-components/vite/deps/rxjs.js?v=36af2b62
[HTTP/1.1 200 OK 0ms]

GET
http://localhost:4200/@fs/C:/src/repos/HTML dev/q-sys-angular-components/.angular/cache/20.3.13/q-sys-angular-components/vite/deps/chunk-WDMUDEB6.js?v=e43a6769
[HTTP/1.1 200 OK 0ms]

[vite] connecting... client:733:9
GET
http://localhost:4200/@fs/C:/src/repos/HTML dev/q-sys-angular-components/.angular/cache/20.3.13/q-sys-angular-components/vite/deps/chunk-7MLG37IQ.js?v=e43a6769
[HTTP/1.1 200 OK 0ms]

GET
http://localhost:4200/@fs/C:/src/repos/HTML dev/q-sys-angular-components/.angular/cache/20.3.13/q-sys-angular-components/vite/deps/chunk-DYN7Y343.js?v=e43a6769
[HTTP/1.1 200 OK 0ms]

GET
http://localhost:4200/@fs/C:/src/repos/HTML dev/q-sys-angular-components/.angular/cache/20.3.13/q-sys-angular-components/vite/deps/chunk-RSS3ODKE.js?v=e43a6769
[HTTP/1.1 200 OK 0ms]

GET
http://localhost:4200/@fs/C:/src/repos/HTML dev/q-sys-angular-components/.angular/cache/20.3.13/q-sys-angular-components/vite/deps/chunk-NKWTGXST.js?v=e43a6769
[HTTP/1.1 200 OK 0ms]

GET
ws://localhost:4200/?token=0T2ZbVdMJhY1
[HTTP/1.1 101 Switching Protocols 3ms]

GET
http://localhost:4200/@ng/component?c=src/app/app.ts@App&t=1765769090467
[HTTP/1.1 200 OK 2ms]

GET
http://localhost:4200/@ng/component?c=src/app/components/qsys-example/qsys-example.ts@QsysExample&t=1765769090466
[HTTP/1.1 200 OK 1ms]

Angular is running in development mode. chunk-NKWTGXST.js:14746:13
GET
wss://192.168.104.227/qrc-public-api/v0
[HTTP/1.1 101 Switching Protocols 936ms]

[vite] connected. client:827:12
GET
http://localhost:4200/favicon.ico
[HTTP/1.1 200 OK 0ms]

Connected to Q-SYS Core main.js:222:17
Sending message to Q-SYS: 
Object { jsonrpc: "2.0", method: "Component.Get", params: {…}, id: 1 }
main.js:426:15
Sending message to Q-SYS: 
Object { jsonrpc: "2.0", method: "Component.Get", params: {…}, id: 2 }
main.js:426:15
Sending message to Q-SYS: 
Object { jsonrpc: "2.0", method: "Control.Get", params: (1) […], id: 3 }
main.js:426:15
Sending message to Q-SYS: 
Object { jsonrpc: "2.0", method: "Component.Get", params: {…}, id: 4 }
main.js:426:15
Sending message to Q-SYS: 
Object { jsonrpc: "2.0", method: "Control.Get", params: (1) […], id: 5 }
main.js:426:15
Sending message to Q-SYS: 
Object { jsonrpc: "2.0", method: "Component.Get", params: {…}, id: 6 }
main.js:426:15
Sending message to Q-SYS: 
Object { jsonrpc: "2.0", method: "Control.Get", params: (1) […], id: 7 }
main.js:426:15
Sending message to Q-SYS: 
Object { jsonrpc: "2.0", method: "Component.Get", params: {…}, id: 8 }
main.js:426:15
Sending message to Q-SYS: 
Object { jsonrpc: "2.0", method: "Control.Get", params: (1) […], id: 9 }
main.js:426:15
Received message from Q-SYS: 
Object { jsonrpc: "2.0", method: "EngineStatus", params: {…} }
main.js:370:15
Sending message to Q-SYS: 
Object { jsonrpc: "2.0", method: "Control.Get", params: (4) […], id: 10 }
main.js:426:15
Sending message to Q-SYS: 
Object { jsonrpc: "2.0", method: "Control.Get", params: (4) […], id: 11 }
main.js:426:15
Sending message to Q-SYS: 
Object { jsonrpc: "2.0", method: "Control.Get", params: (4) […], id: 12 }
main.js:426:15
Sending message to Q-SYS: 
Object { jsonrpc: "2.0", method: "Control.Get", params: (4) […], id: 13 }
main.js:426:15
Sending message to Q-SYS: 
Object { jsonrpc: "2.0", method: "Control.Get", params: (4) […], id: 14 }
main.js:426:15
Sending message to Q-SYS: 
Object { jsonrpc: "2.0", method: "Control.Get", params: (4) […], id: 15 }
main.js:426:15
Received message from Q-SYS: 
Object { jsonrpc: "2.0", method: "EngineStatus", params: {…} }
main.js:370:15
Sending message to Q-SYS: 
Object { jsonrpc: "2.0", method: "Control.Get", params: (4) […], id: 16 }
main.js:426:15
Received message from Q-SYS: 
Object { jsonrpc: "2.0", method: "EngineStatus", params: {…} }
main.js:370:15
Sending message to Q-SYS: 
Object { jsonrpc: "2.0", method: "Control.Get", params: (4) […], id: 17 }
main.js:426:15
Received message from Q-SYS: 
Object { jsonrpc: "2.0", id: 1, error: {…} }
main.js:370:15
Sending message to Q-SYS: 
Object { jsonrpc: "2.0", method: "Control.Get", params: (4) […], id: 18 }
main.js:426:15
Received message from Q-SYS: 
Object { jsonrpc: "2.0", id: 2, error: {…} }
main.js:370:15
Received message from Q-SYS: 
Object { jsonrpc: "2.0", method: "EngineStatus", params: {…} }
main.js:370:15
Received message from Q-SYS: 
Object { jsonrpc: "2.0", id: 3, error: {…} }
main.js:370:15
Received message from Q-SYS: 
Object { jsonrpc: "2.0", id: 4, error: {…} }
main.js:370:15
Received message from Q-SYS: 
Object { jsonrpc: "2.0", id: 5, error: {…} }
main.js:370:15
Received message from Q-SYS: 
Object { jsonrpc: "2.0", id: 6, error: {…} }
main.js:370:15
Received message from Q-SYS: 
Object { jsonrpc: "2.0", id: 7, error: {…} }
main.js:370:15
Received message from Q-SYS: 
Object { jsonrpc: "2.0", id: 8, error: {…} }
main.js:370:15
Received message from Q-SYS: 
Object { jsonrpc: "2.0", id: 9, error: {…} }
main.js:370:15
Received message from Q-SYS: 
Object { jsonrpc: "2.0", id: 10, error: {…} }
main.js:370:15
Sending message to Q-SYS: 
Object { jsonrpc: "2.0", method: "Control.Get", params: (4) […], id: 19 }
main.js:426:15
Received message from Q-SYS: 
Object { jsonrpc: "2.0", id: 11, error: {…} }
main.js:370:15
Sending message to Q-SYS: 
Object { jsonrpc: "2.0", method: "Control.Get", params: (4) […], id: 20 }
main.js:426:15
Received message from Q-SYS: 
Object { jsonrpc: "2.0", id: 12, error: {…} }
main.js:370:15
Sending message to Q-SYS: 
Object { jsonrpc: "2.0", method: "Control.Get", params: (4) […], id: 21 }
main.js:426:15
Received message from Q-SYS: 
Object { jsonrpc: "2.0", method: "EngineStatus", params: {…} }
main.js:370:15
Sending message to Q-SYS: 
Object { jsonrpc: "2.0", method: "Control.Get", params: (4) […], id: 22 }
main.js:426:15
Received message from Q-SYS: 
Object { jsonrpc: "2.0", id: 13, error: {…} }
main.js:370:15
Sending message to Q-SYS: 
Object { jsonrpc: "2.0", method: "Control.Get", params: (4) […], id: 23 }
main.js:426:15
Sending message to Q-SYS: 
Object { jsonrpc: "2.0", method: "Control.Get", params: (4) […], id: 24 }
main.js:426:15
Received message from Q-SYS: 
Object { jsonrpc: "2.0", id: 14, error: {…} }
main.js:370:15
Received message from Q-SYS: 
Object { jsonrpc: "2.0", id: 15, error: {…} }
main.js:370:15
Received message from Q-SYS: 
Object { jsonrpc: "2.0", id: 16, error: {…} }
main.js:370:15
Sending message to Q-SYS: 
Object { jsonrpc: "2.0", method: "Control.Get", params: (4) […], id: 25 }
main.js:426:15
Received message from Q-SYS: 
Object { jsonrpc: "2.0", id: 17, error: {…} }
main.js:370:15
Sending message to Q-SYS: 
Object { jsonrpc: "2.0", method: "Control.Get", params: (4) […], id: 26 }
main.js:426:15
Sending message to Q-SYS: 
Object { jsonrpc: "2.0", method: "Control.Get", params: (4) […], id: 27 }
main.js:426:15
Received message from Q-SYS: 
Object { jsonrpc: "2.0", id: 18, error: {…} }
main.js:370:15
Sending message to Q-SYS: 
Object { jsonrpc: "2.0", method: "Control.Get", params: (4) […], id: 28 }
main.js:426:15
Received message from Q-SYS: 
Object { jsonrpc: "2.0", id: 19, error: {…} }
main.js:370:15
Received message from Q-SYS: 
Object { jsonrpc: "2.0", id: 20, error: {…} }
main.js:370:15
Sending message to Q-SYS: 
Object { jsonrpc: "2.0", method: "Control.Get", params: (4) […], id: 29 }
main.js:426:15
Sending message to Q-SYS: 
Object { jsonrpc: "2.0", method: "Control.Get", params: (4) […], id: 30 }
main.js:426:15
Received message from Q-SYS: 
Object { jsonrpc: "2.0", id: 21, error: {…} }
main.js:370:15
Sending message to Q-SYS: 
Object { jsonrpc: "2.0", method: "Control.Get", params: (4) […], id: 31 }
main.js:426:15
Received message from Q-SYS: 
Object { jsonrpc: "2.0", id: 22, error: {…} }
main.js:370:15
Sending message to Q-SYS: 
Object { jsonrpc: "2.0", method: "Control.Get", params: (4) […], id: 32 }
main.js:426:15
Received message from Q-SYS: 
Object { jsonrpc: "2.0", id: 23, error: {…} }
main.js:370:15
Received message from Q-SYS: 
Object { jsonrpc: "2.0", id: 24, error: {…} }
main.js:370:15
Sending message to Q-SYS: 
Object { jsonrpc: "2.0", method: "Control.Get", params: (4) […], id: 33 }
main.js:426:15
Sending message to Q-SYS: 
Object { jsonrpc: "2.0", method: "Control.Get", params: (4) […], id: 34 }
main.js:426:15
Sending message to Q-SYS: 
Object { jsonrpc: "2.0", method: "Control.Get", params: (4) […], id: 35 }
main.js:426:15
Received message from Q-SYS: 
Object { jsonrpc: "2.0", id: 25, error: {…} }
main.js:370:15
Sending message to Q-SYS: 
Object { jsonrpc: "2.0", method: "Control.Get", params: (4) […], id: 36 }
main.js:426:15
Received message from Q-SYS: 
Object { jsonrpc: "2.0", id: 26, error: {…} }
main.js:370:15
Received message from Q-SYS: 
Object { jsonrpc: "2.0", id: 27, error: {…} }
main.js:370:15
Sending message to Q-SYS: 
Object { jsonrpc: "2.0", method: "Control.Get", params: (4) […], id: 37 }
main.js:426:15
Sending message to Q-SYS: 
Object { jsonrpc: "2.0", method: "Control.Get", params: (4) […], id: 38 }
main.js:426:15
Received message from Q-SYS: 
Object { jsonrpc: "2.0", id: 28, error: {…} }
main.js:370:15
Sending message to Q-SYS: 
Object { jsonrpc: "2.0", method: "Control.Get", params: (4) […], id: 39 }
main.js:426:15
Received message from Q-SYS: 
Object { jsonrpc: "2.0", id: 29, error: {…} }
main.js:370:15
Sending message to Q-SYS: 
Object { jsonrpc: "2.0", method: "Control.Get", params: (4) […], id: 40 }
main.js:426:15
Received message from Q-SYS: 
Object { jsonrpc: "2.0", id: 30, error: {…} }
main.js:370:15
Sending message to Q-SYS: 
Object { jsonrpc: "2.0", method: "Control.Get", params: (4) […], id: 41 }
main.js:426:15
Received message from Q-SYS: 
Object { jsonrpc: "2.0", id: 31, error: {…} }
main.js:370:15
Sending message to Q-SYS: 
Object { jsonrpc: "2.0", method: "Control.Get", params: (4) […], id: 42 }
main.js:426:15
Received message from Q-SYS: 
Object { jsonrpc: "2.0", id: 32, error: {…} }
main.js:370:15
Received message from Q-SYS: 
Object { jsonrpc: "2.0", id: 33, error: {…} }
main.js:370:15
Sending message to Q-SYS: 
Object { jsonrpc: "2.0", method: "Control.Get", params: (4) […], id: 43 }
main.js:426:15
Received message from Q-SYS: 
Object { jsonrpc: "2.0", id: 34, error: {…} }
main.js:370:15
Received message from Q-SYS: 
Object { jsonrpc: "2.0", id: 35, error: {…} }
main.js:370:15
Sending message to Q-SYS: 
Object { jsonrpc: "2.0", method: "Control.Get", params: (4) […], id: 44 }
main.js:426:15
Received message from Q-SYS: 
Object { jsonrpc: "2.0", method: "EngineStatus", params: {…} }
main.js:370:15
Sending message to Q-SYS: 
Object { jsonrpc: "2.0", method: "Control.Get", params: (4) […], id: 45 }
main.js:426:15
Received message from Q-SYS: 
Object { jsonrpc: "2.0", id: 36, error: {…} }
main.js:370:15
Received message from Q-SYS: 
Object { jsonrpc: "2.0", method: "EngineStatus", params: {…} }
main.js:370:15
Sending message to Q-SYS: 
Object { jsonrpc: "2.0", method: "Control.Get", params: (4) […], id: 46 }
main.js:426:15
Received message from Q-SYS: 
Object { jsonrpc: "2.0", id: 37, error: {…} }
main.js:370:15
Sending message to Q-SYS: 
Object { jsonrpc: "2.0", method: "Control.Get", params: (4) […], id: 47 }
main.js:426:15
Sending message to Q-SYS: 
Object { jsonrpc: "2.0", method: "Control.Get", params: (4) […], id: 48 }
main.js:426:15
Received message from Q-SYS: 
Object { jsonrpc: "2.0", id: 38, error: {…} }
main.js:370:15
Received message from Q-SYS: 
Object { jsonrpc: "2.0", id: 39, error: {…} }
main.js:370:15
Received message from Q-SYS: 
Object { jsonrpc: "2.0", method: "EngineStatus", params: {…} }
main.js:370:15
Sending message to Q-SYS: 
Object { jsonrpc: "2.0", method: "Control.Get", params: (4) […], id: 49 }
main.js:426:15
Received message from Q-SYS: 
Object { jsonrpc: "2.0", id: 40, error: {…} }
main.js:370:15
Sending message to Q-SYS: 
Object { jsonrpc: "2.0", method: "Control.Get", params: (4) […], id: 50 }
main.js:426:15
Received message from Q-SYS: 
Object { jsonrpc: "2.0", id: 41, error: {…} }
main.js:370:15
Sending message to Q-SYS: 
Object { jsonrpc: "2.0", method: "Control.Get", params: (4) […], id: 51 }
main.js:426:15
Received message from Q-SYS: 
Object { jsonrpc: "2.0", id: 42, error: {…} }
main.js:370:15
Received message from Q-SYS: 
Object { jsonrpc: "2.0", id: 43, error: {…} }
main.js:370:15
Sending message to Q-SYS: 
Object { jsonrpc: "2.0", method: "Control.Get", params: (4) […], id: 52 }
main.js:426:15
Received message from Q-SYS: 
Object { jsonrpc: "2.0", id: 44, error: {…} }
main.js:370:15
Sending message to Q-SYS: 
Object { jsonrpc: "2.0", method: "Control.Get", params: (4) […], id: 53 }
main.js:426:15
Received message from Q-SYS: 
Object { jsonrpc: "2.0", id: 45, error: {…} }
main.js:370:15
Sending message to Q-SYS: 
Object { jsonrpc: "2.0", method: "Control.Get", params: (4) […], id: 54 }
main.js:426:15
Received message from Q-SYS: 
Object { jsonrpc: "2.0", id: 46, error: {…} }
main.js:370:15
Sending message to Q-SYS: 
Object { jsonrpc: "2.0", method: "Control.Get", params: (4) […], id: 55 }
main.js:426:15
Received message from Q-SYS: 
Object { jsonrpc: "2.0", id: 47, error: {…} }
main.js:370:15
Sending message to Q-SYS: 
Object { jsonrpc: "2.0", method: "Control.Get", params: (4) […], id: 56 }
main.js:426:15
Received message from Q-SYS: 
Object { jsonrpc: "2.0", id: 48, error: {…} }
main.js:370:15
Sending message to Q-SYS: 
Object { jsonrpc: "2.0", method: "Control.Get", params: (4) […], id: 57 }
main.js:426:15
Received message from Q-SYS: 
Object { jsonrpc: "2.0", id: 49, error: {…} }
main.js:370:15
Sending message to Q-SYS: 
Object { jsonrpc: "2.0", method: "Control.Get", params: (4) […], id: 58 }
main.js:426:15
Received message from Q-SYS: 
Object { jsonrpc: "2.0", id: 50, error: {…} }
main.js:370:15
Sending message to Q-SYS: 
Object { jsonrpc: "2.0", method: "Control.Get", params: (4) […], id: 59 }
main.js:426:15
Received message from Q-SYS: 
Object { jsonrpc: "2.0", id: 51, error: {…} }
main.js:370:15
Sending message to Q-SYS: 
Object { jsonrpc: "2.0", method: "Control.Get", params: (4) […], id: 60 }
main.js:426:15
Received message from Q-SYS: 
Object { jsonrpc: "2.0", id: 52, error: {…} }
main.js:370:15
Sending message to Q-SYS: 
Object { jsonrpc: "2.0", method: "Control.Get", params: (4) […], id: 61 }
main.js:426:15
Received message from Q-SYS: 
Object { jsonrpc: "2.0", id: 53, error: {…} }
main.js:370:15
Sending message to Q-SYS: 
Object { jsonrpc: "2.0", method: "Control.Get", params: (4) […], id: 62 }
main.js:426:15
Sending message to Q-SYS: 
Object { jsonrpc: "2.0", method: "Control.Get", params: (4) […], id: 63 }
main.js:426:15
Received message from Q-SYS: 
Object { jsonrpc: "2.0", id: 54, error: {…} }
main.js:370:15
Sending message to Q-SYS: 
Object { jsonrpc: "2.0", method: "Control.Get", params: (4) […], id: 64 }
main.js:426:15
Sending message to Q-SYS: 
Object { jsonrpc: "2.0", method: "Control.Get", params: (4) […], id: 65 }
main.js:426:15
Received message from Q-SYS: 
Object { jsonrpc: "2.0", id: 55, error: {…} }
main.js:370:15
Sending message to Q-SYS: 
Object { jsonrpc: "2.0", method: "Control.Get", params: (4) […], id: 66 }
main.js:426:15
Received message from Q-SYS: 
Object { jsonrpc: "2.0", id: 56, error: {…} }
main.js:370:15
Sending message to Q-SYS: 
Object { jsonrpc: "2.0", method: "Control.Get", params: (4) […], id: 67 }
main.js:426:15
Received message from Q-SYS: 
Object { jsonrpc: "2.0", id: 57, error: {…} }
main.js:370:15
Sending message to Q-SYS: 
Object { jsonrpc: "2.0", method: "Control.Get", params: (4) […], id: 68 }
main.js:426:15
Received message from Q-SYS: 
Object { jsonrpc: "2.0", id: 58, error: {…} }
main.js:370:15
Sending message to Q-SYS: 
Object { jsonrpc: "2.0", method: "Control.Get", params: (4) […], id: 69 }
main.js:426:15
Received message from Q-SYS: 
Object { jsonrpc: "2.0", id: 59, error: {…} }
main.js:370:15
Sending message to Q-SYS: 
Object { jsonrpc: "2.0", method: "Control.Get", params: (4) […], id: 70 }
main.js:426:15
Received message from Q-SYS: 
Object { jsonrpc: "2.0", id: 60, error: {…} }
main.js:370:15
Sending message to Q-SYS: 
Object { jsonrpc: "2.0", method: "Control.Get", params: (4) […], id: 71 }
main.js:426:15
Received message from Q-SYS: 
Object { jsonrpc: "2.0", id: 61, error: {…} }
main.js:370:15
Sending message to Q-SYS: 
Object { jsonrpc: "2.0", method: "Control.Get", params: (4) […], id: 72 }
main.js:426:15
Received message from Q-SYS: 
Object { jsonrpc: "2.0", method: "EngineStatus", params: {…} }
main.js:370:15
Sending message to Q-SYS: 
Object { jsonrpc: "2.0", method: "Control.Get", params: (4) […], id: 73 }
main.js:426:15
Received message from Q-SYS: 
Object { jsonrpc: "2.0", id: 62, error: {…} }
main.js:370:15
Received message from Q-SYS: 
Object { jsonrpc: "2.0", id: 63, error: {…} }
main.js:370:15
Received message from Q-SYS: 
Object { jsonrpc: "2.0", id: 64, error: {…} }
main.js:370:15
Sending message to Q-SYS: 
Object { jsonrpc: "2.0", method: "Control.Get", params: (4) […], id: 74 }
main.js:426:15
Received message from Q-SYS: 
Object { jsonrpc: "2.0", id: 65, error: {…} }
main.js:370:15
Sending message to Q-SYS: 
Object { jsonrpc: "2.0", method: "Control.Get", params: (4) […], id: 75 }
main.js:426:15
Received message from Q-SYS: 
Object { jsonrpc: "2.0", id: 66, error: {…} }
main.js:370:15
Received message from Q-SYS: 
Object { jsonrpc: "2.0", method: "EngineStatus", params: {…} }
main.js:370:15
Received message from Q-SYS: 
Object { jsonrpc: "2.0", id: 67, error: {…} }
main.js:370:15
Sending message to Q-SYS: 
Object { jsonrpc: "2.0", method: "Control.Get", params: (4) […], id: 76 }
main.js:426:15
Received message from Q-SYS: 
Object { jsonrpc: "2.0", method: "EngineStatus", params: {…} }
main.js:370:15
Received message from Q-SYS: 
Object { jsonrpc: "2.0", id: 68, error: {…} }
main.js:370:15
Received message from Q-SYS: 
Object { jsonrpc: "2.0", id: 69, error: {…} }
main.js:370:15
Sending message to Q-SYS: 
Object { jsonrpc: "2.0", method: "Control.Get", params: (4) […], id: 77 }
main.js:426:15
Sending message to Q-SYS: 
Object { jsonrpc: "2.0", method: "Control.Get", params: (4) […], id: 78 }
main.js:426:15
Received message from Q-SYS: 
Object { jsonrpc: "2.0", id: 70, error: {…} }
main.js:370:15
Sending message to Q-SYS: 
Object { jsonrpc: "2.0", method: "Control.Get", params: (4) […], id: 79 }
main.js:426:15
Received message from Q-SYS: 
Object { jsonrpc: "2.0", id: 71, error: {…} }
main.js:370:15
Sending message to Q-SYS: 
Object { jsonrpc: "2.0", method: "Control.Get", params: (4) […], id: 80 }
main.js:426:15
Received message from Q-SYS: 
Object { jsonrpc: "2.0", id: 72, error: {…} }
main.js:370:15
Sending message to Q-SYS: 
Object { jsonrpc: "2.0", method: "Control.Get", params: (4) […], id: 81 }
main.js:426:15
Received message from Q-SYS: 
Object { jsonrpc: "2.0", id: 73, error: {…} }
main.js:370:15
Sending message to Q-SYS: 
Object { jsonrpc: "2.0", method: "Control.Get", params: (4) […], id: 82 }
main.js:426:15
Received message from Q-SYS: 
Object { jsonrpc: "2.0", id: 74, error: {…} }
main.js:370:15
Sending message to Q-SYS: 
Object { jsonrpc: "2.0", method: "Control.Get", params: (4) […], id: 83 }
main.js:426:15
Received message from Q-SYS: 
Object { jsonrpc: "2.0", id: 75, error: {…} }
main.js:370:15
Sending message to Q-SYS: 
Object { jsonrpc: "2.0", method: "Control.Get", params: (4) […], id: 84 }
main.js:426:15
Received message from Q-SYS: 
Object { jsonrpc: "2.0", id: 76, error: {…} }
main.js:370:15
Sending message to Q-SYS: 
Object { jsonrpc: "2.0", method: "Control.Get", params: (4) […], id: 85 }
main.js:426:15
Received message from Q-SYS: 
Object { jsonrpc: "2.0", id: 77, error: {…} }
main.js:370:15
Sending message to Q-SYS: 
Object { jsonrpc: "2.0", method: "Control.Get", params: (4) […], id: 86 }
main.js:426:15
Received message from Q-SYS: 
Object { jsonrpc: "2.0", id: 78, error: {…} }
main.js:370:15
Sending message to Q-SYS: 
Object { jsonrpc: "2.0", method: "Control.Get", params: (4) […], id: 87 }
main.js:426:15
Sending message to Q-SYS: 
Object { jsonrpc: "2.0", method: "Control.Get", params: (4) […], id: 88 }
main.js:426:15
Received message from Q-SYS: 
Object { jsonrpc: "2.0", id: 79, error: {…} }
main.js:370:15
Received message from Q-SYS: 
Object { jsonrpc: "2.0", id: 80, error: {…} }
main.js:370:15
Sending message to Q-SYS: 
Object { jsonrpc: "2.0", method: "Control.Get", params: (4) […], id: 89 }
main.js:426:15
Received message from Q-SYS: 
Object { jsonrpc: "2.0", id: 81, error: {…} }
main.js:370:15
Sending message to Q-SYS: 
Object { jsonrpc: "2.0", method: "Control.Get", params: (4) […], id: 90 }
main.js:426:15
Sending message to Q-SYS: 
Object { jsonrpc: "2.0", method: "Control.Get", params: (4) […], id: 91 }
main.js:426:15
Received message from Q-SYS: 
Object { jsonrpc: "2.0", id: 82, error: {…} }
main.js:370:15
Received message from Q-SYS: 
Object { jsonrpc: "2.0", id: 83, error: {…} }
main.js:370:15
Sending message to Q-SYS: 
Object { jsonrpc: "2.0", method: "Control.Get", params: (4) […], id: 92 }
main.js:426:15
Received message from Q-SYS: 
Object { jsonrpc: "2.0", id: 84, error: {…} }
main.js:370:15
Sending message to Q-SYS: 
Object { jsonrpc: "2.0", method: "Control.Get", params: (4) […], id: 93 }
main.js:426:15
Received message from Q-SYS: 
Object { jsonrpc: "2.0", id: 85, error: {…} }
main.js:370:15
Sending message to Q-SYS: 
Object { jsonrpc: "2.0", method: "Control.Get", params: (4) […], id: 94 }
main.js:426:15
Received message from Q-SYS: 
Object { jsonrpc: "2.0", id: 86, error: {…} }
main.js:370:15
Sending message to Q-SYS: 
Object { jsonrpc: "2.0", method: "Control.Get", params: (4) […], id: 95 }
main.js:426:15
Received message from Q-SYS: 
Object { jsonrpc: "2.0", id: 87, error: {…} }
main.js:370:15
Sending message to Q-SYS: 
Object { jsonrpc: "2.0", method: "Control.Get", params: (4) […], id: 96 }
main.js:426:15
Sending message to Q-SYS: 
Object { jsonrpc: "2.0", method: "Control.Get", params: (4) […], id: 97 }
main.js:426:15
Received message from Q-SYS: 
Object { jsonrpc: "2.0", id: 88, error: {…} }
main.js:370:15
Received message from Q-SYS: 
Object { jsonrpc: "2.0", id: 89, error: {…} }
main.js:370:15
Sending message to Q-SYS: 
Object { jsonrpc: "2.0", method: "Control.Get", params: (4) […], id: 98 }
main.js:426:15
Received message from Q-SYS: 
Object { jsonrpc: "2.0", id: 90, error: {…} }
main.js:370:15
Sending message to Q-SYS: 
Object { jsonrpc: "2.0", method: "Control.Get", params: (4) […], id: 99 }
main.js:426:15
Received message from Q-SYS: 
Object { jsonrpc: "2.0", id: 91, error: {…} }
main.js:370:15
Sending message to Q-SYS: 
Object { jsonrpc: "2.0", method: "Control.Get", params: (4) […], id: 100 }
main.js:426:15
Received message from Q-SYS: 
Object { jsonrpc: "2.0", method: "EngineStatus", params: {…} }
main.js:370:15
Sending message to Q-SYS: 
Object { jsonrpc: "2.0", method: "Control.Get", params: (4) […], id: 101 }
main.js:426:15
Received message from Q-SYS: 
Object { jsonrpc: "2.0", id: 92, error: {…} }
main.js:370:15
Received message from Q-SYS: 
Object { jsonrpc: "2.0", method: "EngineStatus", params: {…} }
main.js:370:15
Sending message to Q-SYS: 
Object { jsonrpc: "2.0", method: "Control.Get", params: (4) […], id: 102 }
main.js:426:15
Sending message to Q-SYS: 
Object { jsonrpc: "2.0", method: "Control.Get", params: (4) […], id: 103 }
main.js:426:15
Received message from Q-SYS: 
Object { jsonrpc: "2.0", id: 93, error: {…} }
main.js:370:15
Received message from Q-SYS: 
Object { jsonrpc: "2.0", id: 94, error: {…} }
main.js:370:15
Received message from Q-SYS: 
Object { jsonrpc: "2.0", method: "EngineStatus", params: {…} }
main.js:370:15
Sending message to Q-SYS: 
Object { jsonrpc: "2.0", method: "Control.Get", params: (4) […], id: 104 }
main.js:426:15
Received message from Q-SYS: 
Object { jsonrpc: "2.0", id: 95, error: {…} }
main.js:370:15
Received message from Q-SYS: 
Object { jsonrpc: "2.0", method: "EngineStatus", params: {…} }
main.js:370:15
Sending message to Q-SYS: 
Object { jsonrpc: "2.0", method: "Control.Get", params: (4) […], id: 105 }
main.js:426:15
Received message from Q-SYS: 
Object { jsonrpc: "2.0", id: 96, error: {…} }
main.js:370:15
Sending message to Q-SYS: 
Object { jsonrpc: "2.0", method: "Control.Get", params: (4) […], id: 106 }
main.js:426:15
Received message from Q-SYS: 
Object { jsonrpc: "2.0", id: 97, error: {…} }
main.js:370:15
Sending message to Q-SYS: 
Object { jsonrpc: "2.0", method: "Control.Get", params: (4) […], id: 107 }
main.js:426:15
Received message from Q-SYS: 
Object { jsonrpc: "2.0", id: 98, error: {…} }
main.js:370:15
Sending message to Q-SYS: 
Object { jsonrpc: "2.0", method: "Control.Get", params: (4) […], id: 108 }
main.js:426:15
Received message from Q-SYS: 
Object { jsonrpc: "2.0", id: 99, error: {…} }
main.js:370:15
Sending message to Q-SYS: 
Object { jsonrpc: "2.0", method: "Control.Get", params: (4) […], id: 109 }
main.js:426:15
Received message from Q-SYS: 
Object { jsonrpc: "2.0", id: 100, error: {…} }
main.js:370:15
Received message from Q-SYS: 
Object { jsonrpc: "2.0", id: 101, error: {…} }
main.js:370:15
Sending message to Q-SYS: 
Object { jsonrpc: "2.0", method: "Control.Get", params: (4) […], id: 110 }
main.js:426:15
Sending message to Q-SYS: 
Object { jsonrpc: "2.0", method: "Control.Get", params: (4) […], id: 111 }
main.js:426:15
Received message from Q-SYS: 
Object { jsonrpc: "2.0", id: 102, error: {…} }
main.js:370:15
Received message from Q-SYS: 
Object { jsonrpc: "2.0", id: 103, error: {…} }
main.js:370:15
Sending message to Q-SYS: 
Object { jsonrpc: "2.0", method: "Control.Get", params: (4) […], id: 112 }
main.js:426:15
Received message from Q-SYS: 
Object { jsonrpc: "2.0", id: 104, error: {…} }
main.js:370:15
Sending message to Q-SYS: 
Object { jsonrpc: "2.0", method: "Control.Get", params: (4) […], id: 113 }
main.js:426:15
Received message from Q-SYS: 
Object { jsonrpc: "2.0", id: 105, error: {…} }
main.js:370:15
Sending message to Q-SYS: 
Object { jsonrpc: "2.0", method: "Control.Get", params: (4) […], id: 114 }
main.js:426:15
Received message from Q-SYS: 
Object { jsonrpc: "2.0", id: 106, error: {…} }
main.js:370:15
Sending message to Q-SYS: 
Object { jsonrpc: "2.0", method: "Control.Get", params: (4) […], id: 115 }
main.js:426:15
Received message from Q-SYS: 
Object { jsonrpc: "2.0", id: 107, error: {…} }
main.js:370:15
Sending message to Q-SYS: 
Object { jsonrpc: "2.0", method: "Control.Get", params: (4) […], id: 116 }
main.js:426:15
Received message from Q-SYS: 
Object { jsonrpc: "2.0", id: 108, error: {…} }
main.js:370:15
Sending message to Q-SYS: 
Object { jsonrpc: "2.0", method: "Control.Get", params: (4) […], id: 117 }
main.js:426:15
Sending message to Q-SYS: 
Object { jsonrpc: "2.0", method: "Control.Get", params: (4) […], id: 118 }
main.js:426:15
Received message from Q-SYS: 
Object { jsonrpc: "2.0", id: 109, error: {…} }
main.js:370:15
Received message from Q-SYS: 
Object { jsonrpc: "2.0", id: 110, error: {…} }
main.js:370:15
Sending message to Q-SYS: 
Object { jsonrpc: "2.0", method: "Control.Get", params: (4) […], id: 119 }
main.js:426:15
Received message from Q-SYS: 
Object { jsonrpc: "2.0", id: 111, error: {…} }
main.js:370:15
Sending message to Q-SYS: 
Object { jsonrpc: "2.0", method: "Control.Get", params: (4) […], id: 120 }
main.js:426:15
Received message from Q-SYS: 
Object { jsonrpc: "2.0", id: 112, error: {…} }
main.js:370:15
Sending message to Q-SYS: 
Object { jsonrpc: "2.0", method: "Control.Get", params: (4) […], id: 121 }
main.js:426:15
Received message from Q-SYS: 
Object { jsonrpc: "2.0", id: 113, error: {…} }
main.js:370:15
Sending message to Q-SYS: 
Object { jsonrpc: "2.0", method: "Control.Get", params: (4) […], id: 122 }
main.js:426:15
Received message from Q-SYS: 
Object { jsonrpc: "2.0", id: 114, error: {…} }
main.js:370:15
Sending message to Q-SYS: 
Object { jsonrpc: "2.0", method: "Control.Get", params: (4) […], id: 123 }
main.js:426:15
Received message from Q-SYS: 
Object { jsonrpc: "2.0", id: 115, error: {…} }
main.js:370:15
Sending message to Q-SYS: 
Object { jsonrpc: "2.0", method: "Control.Get", params: (4) […], id: 124 }
main.js:426:15
Received message from Q-SYS: 
Object { jsonrpc: "2.0", id: 116, error: {…} }
main.js:370:15
Sending message to Q-SYS: 
Object { jsonrpc: "2.0", method: "Control.Get", params: (4) […], id: 125 }
main.js:426:15
Received message from Q-SYS: 
Object { jsonrpc: "2.0", id: 117, error: {…} }
main.js:370:15
Sending message to Q-SYS: 
Object { jsonrpc: "2.0", method: "Control.Get", params: (4) […], id: 126 }
main.js:426:15
Received message from Q-SYS: 
Object { jsonrpc: "2.0", id: 118, error: {…} }
main.js:370:15
Received message from Q-SYS: 
Object { jsonrpc: "2.0", id: 119, error: {…} }
main.js:370:15
Sending message to Q-SYS: 
Object { jsonrpc: "2.0", method: "Control.Get", params: (4) […], id: 127 }
main.js:426:15
Sending message to Q-SYS: 
Object { jsonrpc: "2.0", method: "Control.Get", params: (4) […], id: 128 }
main.js:426:15
Received message from Q-SYS: 
Object { jsonrpc: "2.0", method: "EngineStatus", params: {…} }
main.js:370:15
Received message from Q-SYS: 
Object { jsonrpc: "2.0", method: "EngineStatus", params: {…} }
main.js:370:15
Received message from Q-SYS: 
Object { jsonrpc: "2.0", id: 120, error: {…} }
main.js:370:15
Sending message to Q-SYS: 
Object { jsonrpc: "2.0", method: "Control.Get", params: (4) […], id: 129 }
main.js:426:15
Received message from Q-SYS: 
Object { jsonrpc: "2.0", id: 121, error: {…} }
main.js:370:15
Sending message to Q-SYS: 
Object { jsonrpc: "2.0", method: "Control.Get", params: (4) […], id: 130 }
main.js:426:15
Received message from Q-SYS: 
Object { jsonrpc: "2.0", id: 122, error: {…} }
main.js:370:15
Sending message to Q-SYS: 
Object { jsonrpc: "2.0", method: "Control.Get", params: (4) […], id: 131 }
main.js:426:15
Received message from Q-SYS: 
Object { jsonrpc: "2.0", id: 123, error: {…} }
main.js:370:15
Sending message to Q-SYS: 
Object { jsonrpc: "2.0", method: "Control.Get", params: (4) […], id: 132 }
main.js:426:15
Received message from Q-SYS: 
Object { jsonrpc: "2.0", method: "EngineStatus", params: {…} }
main.js:370:15
Sending message to Q-SYS: 
Object { jsonrpc: "2.0", method: "Control.Get", params: (4) […], id: 133 }
main.js:426:15
Received message from Q-SYS: 
Object { jsonrpc: "2.0", id: 124, error: {…} }
main.js:370:15
Received message from Q-SYS: 
Object { jsonrpc: "2.0", method: "EngineStatus", params: {…} }
main.js:370:15
Received message from Q-SYS: 
Object { jsonrpc: "2.0", id: 125, error: {…} }
main.js:370:15
Sending message to Q-SYS: 
Object { jsonrpc: "2.0", method: "Control.Get", params: (4) […], id: 134 }
main.js:426:15
Received message from Q-SYS: 
Object { jsonrpc: "2.0", id: 126, error: {…} }
main.js:370:15
Sending message to Q-SYS: 
Object { jsonrpc: "2.0", method: "Control.Get", params: (4) […], id: 135 }
main.js:426:15
Received message from Q-SYS: 
Object { jsonrpc: "2.0", id: 127, error: {…} }
main.js:370:15
Sending message to Q-SYS: 
Object { jsonrpc: "2.0", method: "Control.Get", params: (4) […], id: 136 }
main.js:426:15
Received message from Q-SYS: 
Object { jsonrpc: "2.0", id: 128, error: {…} }
main.js:370:15
Sending message to Q-SYS: 
Object { jsonrpc: "2.0", method: "Control.Get", params: (4) […], id: 137 }
main.js:426:15
Received message from Q-SYS: 
Object { jsonrpc: "2.0", id: 129, error: {…} }
main.js:370:15
Sending message to Q-SYS: 
Object { jsonrpc: "2.0", method: "Control.Get", params: (4) […], id: 138 }
main.js:426:15
Received message from Q-SYS: 
Object { jsonrpc: "2.0", id: 130, error: {…} }
main.js:370:15
Sending message to Q-SYS: 
Object { jsonrpc: "2.0", method: "Control.Get", params: (4) […], id: 139 }
main.js:426:15
Received message from Q-SYS: 
Object { jsonrpc: "2.0", id: 131, error: {…} }
main.js:370:15
Sending message to Q-SYS: 
Object { jsonrpc: "2.0", method: "Control.Get", params: (4) […], id: 140 }
main.js:426:15
Received message from Q-SYS: 
Object { jsonrpc: "2.0", id: 132, error: {…} }
main.js:370:15
Received message from Q-SYS: 
Object { jsonrpc: "2.0", id: 133, error: {…} }
main.js:370:15
Sending message to Q-SYS: 
Object { jsonrpc: "2.0", method: "Control.Get", params: (4) […], id: 141 }
main.js:426:15
Sending message to Q-SYS: 
Object { jsonrpc: "2.0", method: "Control.Get", params: (4) […], id: 142 }
main.js:426:15
Received message from Q-SYS: 
Object { jsonrpc: "2.0", id: 134, error: {…} }
main.js:370:15
Sending message to Q-SYS: 
Object { jsonrpc: "2.0", method: "Control.Get", params: (4) […], id: 143 }
main.js:426:15
Received message from Q-SYS: 
Object { jsonrpc: "2.0", id: 135, error: {…} }
main.js:370:15
Sending message to Q-SYS: 
Object { jsonrpc: "2.0", method: "Control.Get", params: (4) […], id: 144 }
main.js:426:15
Received message from Q-SYS: 
Object { jsonrpc: "2.0", id: 136, error: {…} }
main.js:370:15
Sending message to Q-SYS: 
Object { jsonrpc: "2.0", method: "Control.Get", params: (4) […], id: 145 }
main.js:426:15
Received message from Q-SYS: 
Object { jsonrpc: "2.0", id: 137, error: {…} }
main.js:370:15
Sending message to Q-SYS: 
Object { jsonrpc: "2.0", method: "Control.Get", params: (4) […], id: 146 }
main.js:426:15
Received message from Q-SYS: 
Object { jsonrpc: "2.0", id: 138, error: {…} }
main.js:370:15
Sending message to Q-SYS: 
Object { jsonrpc: "2.0", method: "Control.Get", params: (4) […], id: 147 }
main.js:426:15
Received message from Q-SYS: 
Object { jsonrpc: "2.0", id: 139, error: {…} }
main.js:370:15
Sending message to Q-SYS: 
Object { jsonrpc: "2.0", method: "Control.Get", params: (4) […], id: 148 }
main.js:426:15
Received message from Q-SYS: 
Object { jsonrpc: "2.0", id: 140, error: {…} }
main.js:370:15
Sending message to Q-SYS: 
Object { jsonrpc: "2.0", method: "Control.Get", params: (4) […], id: 149 }
main.js:426:15
Received message from Q-SYS: 
Object { jsonrpc: "2.0", id: 141, error: {…} }
main.js:370:15
Sending message to Q-SYS: 
Object { jsonrpc: "2.0", method: "Control.Get", params: (4) […], id: 150 }
main.js:426:15
Received message from Q-SYS: 
Object { jsonrpc: "2.0", id: 142, error: {…} }
main.js:370:15
Sending message to Q-SYS: 
Object { jsonrpc: "2.0", method: "Control.Get", params: (4) […], id: 151 }
main.js:426:15
