GET
http://localhost:4200/@vite/client
[HTTP/1.1 304 Not Modified 1ms]

GET
http://localhost:4200/styles.css
[HTTP/1.1 304 Not Modified 3ms]

GET
http://localhost:4200/main.js
[HTTP/1.1 304 Not Modified 2ms]

GET
http://localhost:4200/polyfills.js
[HTTP/1.1 304 Not Modified 4ms]

GET
http://localhost:4200/@fs/C:/src/repos/HTML dev/q-sys-angular-components/node_modules/vite/dist/client/env.mjs
[HTTP/1.1 304 Not Modified 0ms]

GET
http://localhost:4200/@fs/C:/src/repos/HTML dev/q-sys-angular-components/.angular/cache/20.3.13/q-sys-angular-components/vite/deps/zone__js.js?v=36af2b62
[HTTP/1.1 200 OK 0ms]

GET
http://localhost:4200/@fs/C:/src/repos/HTML dev/q-sys-angular-components/.angular/cache/20.3.13/q-sys-angular-components/vite/deps/@angular_platform-browser.js?v=36af2b62
[HTTP/1.1 200 OK 0ms]

GET
http://localhost:4200/@fs/C:/src/repos/HTML dev/q-sys-angular-components/.angular/cache/20.3.13/q-sys-angular-components/vite/deps/@angular_core.js?v=36af2b62
[HTTP/1.1 200 OK 0ms]

GET
http://localhost:4200/@fs/C:/src/repos/HTML dev/q-sys-angular-components/.angular/cache/20.3.13/q-sys-angular-components/vite/deps/@angular_router.js?v=36af2b62
[HTTP/1.1 200 OK 0ms]

GET
http://localhost:4200/@fs/C:/src/repos/HTML dev/q-sys-angular-components/.angular/cache/20.3.13/q-sys-angular-components/vite/deps/rxjs.js?v=36af2b62
[HTTP/1.1 200 OK 0ms]

GET
http://localhost:4200/@fs/C:/src/repos/HTML dev/q-sys-angular-components/.angular/cache/20.3.13/q-sys-angular-components/vite/deps/@angular_common.js?v=36af2b62
[HTTP/1.1 200 OK 0ms]

GET
http://localhost:4200/@fs/C:/src/repos/HTML dev/q-sys-angular-components/.angular/cache/20.3.13/q-sys-angular-components/vite/deps/chunk-WDMUDEB6.js?v=e43a6769
[HTTP/1.1 200 OK 0ms]

[vite] connecting... client:733:9
GET
http://localhost:4200/@fs/C:/src/repos/HTML dev/q-sys-angular-components/.angular/cache/20.3.13/q-sys-angular-components/vite/deps/chunk-DYN7Y343.js?v=e43a6769
[HTTP/1.1 200 OK 0ms]

GET
http://localhost:4200/@fs/C:/src/repos/HTML dev/q-sys-angular-components/.angular/cache/20.3.13/q-sys-angular-components/vite/deps/chunk-7MLG37IQ.js?v=e43a6769
[HTTP/1.1 200 OK 0ms]

GET
http://localhost:4200/@fs/C:/src/repos/HTML dev/q-sys-angular-components/.angular/cache/20.3.13/q-sys-angular-components/vite/deps/chunk-NKWTGXST.js?v=e43a6769
[HTTP/1.1 200 OK 0ms]

GET
http://localhost:4200/@fs/C:/src/repos/HTML dev/q-sys-angular-components/.angular/cache/20.3.13/q-sys-angular-components/vite/deps/chunk-RSS3ODKE.js?v=e43a6769
[HTTP/1.1 200 OK 0ms]

GET
ws://localhost:4200/?token=0T2ZbVdMJhY1
[HTTP/1.1 101 Switching Protocols 3ms]

GET
http://localhost:4200/@ng/component?c=src/app/components/qsys-example/qsys-example.ts@QsysExample&t=1765771213488
[HTTP/1.1 200 OK 1ms]

GET
http://localhost:4200/@ng/component?c=src/app/app.ts@App&t=1765771213488
[HTTP/1.1 200 OK 0ms]

GET
wss://192.168.104.227/qrc-public-api/v0
[HTTP/1.1 101 Switching Protocols 948ms]

Angular is running in development mode. chunk-NKWTGXST.js:14746:13
[vite] connected. client:827:12
GET
http://localhost:4200/favicon.ico
[HTTP/1.1 200 OK 0ms]

Connected to Q-SYS Core main.js:223:17
Sending message to Q-SYS: 
Object { jsonrpc: "2.0", method: "ChangeGroup.AddComponentControl", params: {…}, id: 1 }
main.js:409:15
Sending message to Q-SYS: 
Object { jsonrpc: "2.0", method: "ChangeGroup.AddComponentControl", params: {…}, id: 2 }
main.js:409:15
Sending message to Q-SYS: 
Object { jsonrpc: "2.0", method: "ChangeGroup.AddComponentControl", params: {…}, id: 3 }
main.js:409:15
Sending message to Q-SYS: 
Object { jsonrpc: "2.0", method: "ChangeGroup.AddComponentControl", params: {…}, id: 4 }
main.js:409:15
Continuous polling not needed - Q-SYS pushes updates asynchronously main.js:436:13
Received message from Q-SYS: 
Object { jsonrpc: "2.0", method: "EngineStatus", params: {…} }
main.js:377:15
Activating ChangeGroup with initial poll main.js:427:15
Sending message to Q-SYS: 
Object { jsonrpc: "2.0", method: "ChangeGroup.Poll", params: {…}, id: 5 }
main.js:409:15
Received message from Q-SYS: 
Object { jsonrpc: "2.0", result: true, id: 1 }
main.js:377:15
Received message from Q-SYS: 
Object { jsonrpc: "2.0", result: true, id: 2 }
main.js:377:15
Received message from Q-SYS: 
Object { jsonrpc: "2.0", result: true, id: 3 }
main.js:377:15
Received message from Q-SYS: 
Object { jsonrpc: "2.0", result: true, id: 4 }
main.js:377:15
Received message from Q-SYS: 
Object { jsonrpc: "2.0", result: {…}, id: 5 }
main.js:377:15
Received message from Q-SYS: 
Object { jsonrpc: "2.0", method: "EngineStatus", params: {…} }
main.js:377:15
Received message from Q-SYS: 
Object { jsonrpc: "2.0", method: "EngineStatus", params: {…} }
main.js:377:15
Received message from Q-SYS: 
Object { jsonrpc: "2.0", method: "EngineStatus", params: {…} }
main.js:377:15
Received message from Q-SYS: 
Object { jsonrpc: "2.0", method: "EngineStatus", params: {…} }
main.js:377:15
Received message from Q-SYS: 
Object { jsonrpc: "2.0", method: "EngineStatus", params: {…} }
main.js:377:15
Received message from Q-SYS: 
Object { jsonrpc: "2.0", method: "EngineStatus", params: {…} }
main.js:377:15
Received message from Q-SYS: 
Object { jsonrpc: "2.0", method: "EngineStatus", params: {…} }
main.js:377:15
Received message from Q-SYS: 
Object { jsonrpc: "2.0", method: "EngineStatus", params: {…} }
main.js:377:15
Received message from Q-SYS: 
Object { jsonrpc: "2.0", method: "EngineStatus", params: {…} }
main.js:377:15
Received message from Q-SYS: 
Object { jsonrpc: "2.0", method: "EngineStatus", params: {…} }
main.js:377:15
Received message from Q-SYS: 
Object { jsonrpc: "2.0", method: "EngineStatus", params: {…} }
main.js:377:15
Received message from Q-SYS: 
Object { jsonrpc: "2.0", method: "EngineStatus", params: {…} }
main.js:377:15
Received message from Q-SYS: 
Object { jsonrpc: "2.0", method: "EngineStatus", params: {…} }
main.js:377:15
Received message from Q-SYS: 
Object { jsonrpc: "2.0", method: "EngineStatus", params: {…} }
main.js:377:15
Received message from Q-SYS: 
Object { jsonrpc: "2.0", method: "EngineStatus", params: {…} }
main.js:377:15
Received message from Q-SYS: 
Object { jsonrpc: "2.0", method: "EngineStatus", params: {…} }
main.js:377:15
Received message from Q-SYS: 
Object { jsonrpc: "2.0", method: "EngineStatus", params: {…} }
main.js:377:15
Received message from Q-SYS: 
Object { jsonrpc: "2.0", method: "EngineStatus", params: {…} }
main.js:377:15
Received message from Q-SYS: 
Object { jsonrpc: "2.0", method: "EngineStatus", params: {…} }
main.js:377:15
Received message from Q-SYS: 
Object { jsonrpc: "2.0", method: "EngineStatus", params: {…} }
main.js:377:15
Received message from Q-SYS: 
Object { jsonrpc: "2.0", method: "EngineStatus", params: {…} }
main.js:377:15
Received message from Q-SYS: 
Object { jsonrpc: "2.0", method: "EngineStatus", params: {…} }
main.js:377:15
Received message from Q-SYS: 
Object { jsonrpc: "2.0", method: "EngineStatus", params: {…} }
main.js:377:15
Received message from Q-SYS: 
Object { jsonrpc: "2.0", method: "EngineStatus", params: {…} }
main.js:377:15
Received message from Q-SYS: 
Object { jsonrpc: "2.0", method: "EngineStatus", params: {…} }
main.js:377:15
Received message from Q-SYS: 
Object { jsonrpc: "2.0", method: "EngineStatus", params: {…} }
main.js:377:15
Received message from Q-SYS: 
Object { jsonrpc: "2.0", method: "EngineStatus", params: {…} }
main.js:377:15
Received message from Q-SYS: 
Object { jsonrpc: "2.0", method: "EngineStatus", params: {…} }
main.js:377:15
Received message from Q-SYS: 
Object { jsonrpc: "2.0", method: "EngineStatus", params: {…} }
main.js:377:15
Received message from Q-SYS: 
Object { jsonrpc: "2.0", method: "EngineStatus", params: {…} }
main.js:377:15
Received message from Q-SYS: 
Object { jsonrpc: "2.0", method: "EngineStatus", params: {…} }
main.js:377:15
Received message from Q-SYS: 
Object { jsonrpc: "2.0", method: "EngineStatus", params: {…} }
main.js:377:15
Received message from Q-SYS: 
Object { jsonrpc: "2.0", method: "EngineStatus", params: {…} }
main.js:377:15
Received message from Q-SYS: 
Object { jsonrpc: "2.0", method: "EngineStatus", params: {…} }
main.js:377:15
Received message from Q-SYS: 
Object { jsonrpc: "2.0", method: "EngineStatus", params: {…} }
main.js:377:15
Received message from Q-SYS: 
Object { jsonrpc: "2.0", method: "EngineStatus", params: {…} }
main.js:377:15
Received message from Q-SYS: 
Object { jsonrpc: "2.0", method: "EngineStatus", params: {…} }
main.js:377:15
Received message from Q-SYS: 
Object { jsonrpc: "2.0", method: "EngineStatus", params: {…} }
main.js:377:15
Received message from Q-SYS: 
Object { jsonrpc: "2.0", method: "EngineStatus", params: {…} }
main.js:377:15
Received message from Q-SYS: 
Object { jsonrpc: "2.0", method: "EngineStatus", params: {…} }
main.js:377:15
Received message from Q-SYS: 
Object { jsonrpc: "2.0", method: "EngineStatus", params: {…} }
main.js:377:15
Received message from Q-SYS: 
Object { jsonrpc: "2.0", method: "EngineStatus", params: {…} }
main.js:377:15
Received message from Q-SYS: 
Object { jsonrpc: "2.0", method: "EngineStatus", params: {…} }
main.js:377:15
Sending message to Q-SYS: 
Object { jsonrpc: "2.0", method: "Component.Set", params: {…}, id: 6 }
main.js:409:15
Received message from Q-SYS: 
Object { jsonrpc: "2.0", method: "EngineStatus", params: {…} }
main.js:377:15
Sending message to Q-SYS: 
Object { jsonrpc: "2.0", method: "Component.Set", params: {…}, id: 7 }
main.js:409:15
Sending message to Q-SYS: 
Object { jsonrpc: "2.0", method: "Component.Set", params: {…}, id: 8 }
main.js:409:15
Sending message to Q-SYS: 
Object { jsonrpc: "2.0", method: "Component.Set", params: {…}, id: 9 }
main.js:409:15
Sending message to Q-SYS: 
Object { jsonrpc: "2.0", method: "Component.Set", params: {…}, id: 10 }
main.js:409:15
Sending message to Q-SYS: 
Object { jsonrpc: "2.0", method: "Component.Set", params: {…}, id: 11 }
main.js:409:15
Sending message to Q-SYS: 
Object { jsonrpc: "2.0", method: "Component.Set", params: {…}, id: 12 }
main.js:409:15
Sending message to Q-SYS: 
Object { jsonrpc: "2.0", method: "Component.Set", params: {…}, id: 13 }
main.js:409:15
Sending message to Q-SYS: 
Object { jsonrpc: "2.0", method: "Component.Set", params: {…}, id: 14 }
main.js:409:15
Sending message to Q-SYS: 
Object { jsonrpc: "2.0", method: "Component.Set", params: {…}, id: 15 }
main.js:409:15
Received message from Q-SYS: 
Object { jsonrpc: "2.0", result: true, id: 6 }
main.js:377:15
Received message from Q-SYS: 
Object { jsonrpc: "2.0", result: true, id: 7 }
main.js:377:15
Received message from Q-SYS: 
Object { jsonrpc: "2.0", result: true, id: 8 }
main.js:377:15
Received message from Q-SYS: 
Object { jsonrpc: "2.0", result: true, id: 9 }
main.js:377:15
Received message from Q-SYS: 
Object { jsonrpc: "2.0", result: true, id: 10 }
main.js:377:15
Received message from Q-SYS: 
Object { jsonrpc: "2.0", result: true, id: 11 }
main.js:377:15
Received message from Q-SYS: 
Object { jsonrpc: "2.0", result: true, id: 12 }
main.js:377:15
Received message from Q-SYS: 
Object { jsonrpc: "2.0", result: true, id: 13 }
main.js:377:15
Received message from Q-SYS: 
Object { jsonrpc: "2.0", result: true, id: 14 }
main.js:377:15
Received message from Q-SYS: 
Object { jsonrpc: "2.0", result: true, id: 15 }
main.js:377:15
Received message from Q-SYS: 
Object { jsonrpc: "2.0", method: "EngineStatus", params: {…} }
main.js:377:15
Received message from Q-SYS: 
Object { jsonrpc: "2.0", method: "EngineStatus", params: {…} }
main.js:377:15
Received message from Q-SYS: 
Object { jsonrpc: "2.0", method: "EngineStatus", params: {…} }
main.js:377:15
Received message from Q-SYS: 
Object { jsonrpc: "2.0", method: "EngineStatus", params: {…} }
main.js:377:15
Received message from Q-SYS: 
Object { jsonrpc: "2.0", method: "EngineStatus", params: {…} }
main.js:377:15
Received message from Q-SYS: 
Object { jsonrpc: "2.0", method: "EngineStatus", params: {…} }
main.js:377:15
Received message from Q-SYS: 
Object { jsonrpc: "2.0", method: "EngineStatus", params: {…} }
main.js:377:15
Received message from Q-SYS: 
Object { jsonrpc: "2.0", method: "EngineStatus", params: {…} }
main.js:377:15
Received message from Q-SYS: 
Object { jsonrpc: "2.0", method: "EngineStatus", params: {…} }
main.js:377:15
Received message from Q-SYS: 
Object { jsonrpc: "2.0", method: "EngineStatus", params: {…} }
main.js:377:15
Received message from Q-SYS: 
Object { jsonrpc: "2.0", method: "EngineStatus", params: {…} }
main.js:377:15
Received message from Q-SYS: 
Object { jsonrpc: "2.0", method: "EngineStatus", params: {…} }
main.js:377:15
